#! /usr/bin/vvp
:ivl_version "12.0 (stable)";
:ivl_delay_selection "TYPICAL";
:vpi_time_precision + 0;
:vpi_module "/usr/lib/x86_64-linux-gnu/ivl/system.vpi";
:vpi_module "/usr/lib/x86_64-linux-gnu/ivl/vhdl_sys.vpi";
:vpi_module "/usr/lib/x86_64-linux-gnu/ivl/vhdl_textio.vpi";
:vpi_module "/usr/lib/x86_64-linux-gnu/ivl/v2005_math.vpi";
:vpi_module "/usr/lib/x86_64-linux-gnu/ivl/va_math.vpi";
:vpi_module "/usr/lib/x86_64-linux-gnu/ivl/v2009.vpi";
S_0x5e05f3388970 .scope package, "$unit" "$unit" 2 1;
 .timescale 0 0;
S_0x5e05f3388b00 .scope module, "tppe" "tppe" 3 1;
 .timescale 0 0;
    .port_info 0 /INPUT 1 "clk";
    .port_info 1 /INPUT 1 "rst";
    .port_info 2 /INPUT 128 "bitmask_a";
    .port_info 3 /INPUT 128 "bitmask_b";
    .port_info 4 /INPUT 1024 "nonzero_weights";
    .port_info 5 /INPUT 1 "valid_input";
    .port_info 6 /OUTPUT 8 "fibre_a_addr";
    .port_info 7 /OUTPUT 1 "fibre_a_read_en";
    .port_info 8 /INPUT 4 "fibre_a_data";
    .port_info 9 /INPUT 1 "fibre_a_valid";
    .port_info 10 /OUTPUT 10 "result_0";
    .port_info 11 /OUTPUT 10 "result_1";
    .port_info 12 /OUTPUT 10 "result_2";
    .port_info 13 /OUTPUT 10 "result_3";
    .port_info 14 /OUTPUT 1 "result_valid";
    .port_info 15 /OUTPUT 1 "ready_for_input";
P_0x5e05f339f2a0 .param/l "ADDR_WIDTH" 0 3 9, +C4<00000000000000000000000000001000>;
P_0x5e05f339f2e0 .param/l "BITMASK_WIDTH" 0 3 2, +C4<00000000000000000000000010000000>;
P_0x5e05f339f320 .param/l "CORRECTION_ACC_WIDTH" 0 3 8, +C4<00000000000000000000000000001010>;
P_0x5e05f339f360 .param/l "FIFO_DEPTH" 0 3 6, +C4<00000000000000000000000000001000>;
P_0x5e05f339f3a0 .param/l "NUM_ADDERS" 0 3 4, +C4<00000000000000000000000000010000>;
P_0x5e05f339f3e0 .param/l "PSEUDO_ACC_WIDTH" 0 3 7, +C4<00000000000000000000000000001100>;
P_0x5e05f339f420 .param/l "TIMESTEPS" 0 3 5, +C4<00000000000000000000000000000100>;
P_0x5e05f339f460 .param/l "WEIGHT_WIDTH" 0 3 3, +C4<00000000000000000000000000001000>;
o0x7a37cf5a2da8 .functor BUFZ 128, C4<zzzzzzzzzzzzzzzzzzzzzzzzzzzzzzzzzzzzzzzzzzzzzzzzzzzzzzzzzzzzzzzzzzzzzzzzzzzzzzzzzzzzzzzzzzzzzzzzzzzzzzzzzzzzzzzzzzzzzzzzzzzzzzzz>; HiZ drive
o0x7a37cf5a0b88 .functor BUFZ 128, C4<zzzzzzzzzzzzzzzzzzzzzzzzzzzzzzzzzzzzzzzzzzzzzzzzzzzzzzzzzzzzzzzzzzzzzzzzzzzzzzzzzzzzzzzzzzzzzzzzzzzzzzzzzzzzzzzzzzzzzzzzzzzzzzzz>; HiZ drive
L_0x5e05f33c1d10 .functor AND 128, o0x7a37cf5a2da8, o0x7a37cf5a0b88, C4<11111111111111111111111111111111111111111111111111111111111111111111111111111111111111111111111111111111111111111111111111111111>, C4<11111111111111111111111111111111111111111111111111111111111111111111111111111111111111111111111111111111111111111111111111111111>;
L_0x5e05f33b33e0 .functor BUFZ 1, v0x5e05f33ebb20_0, C4<0>, C4<0>, C4<0>;
o0x7a37cf5a3318 .functor BUFZ 8, C4<zzzzzzzz>; HiZ drive
L_0x5e05f33b3fc0 .functor BUFZ 8, o0x7a37cf5a3318, C4<00000000>, C4<00000000>, C4<00000000>;
o0x7a37cf5a3348 .functor BUFZ 8, C4<zzzzzzzz>; HiZ drive
L_0x5e05f33b0a10 .functor BUFZ 8, o0x7a37cf5a3348, C4<00000000>, C4<00000000>, C4<00000000>;
o0x7a37cf5a3378 .functor BUFZ 8, C4<zzzzzzzz>; HiZ drive
L_0x5e05f33b15f0 .functor BUFZ 8, o0x7a37cf5a3378, C4<00000000>, C4<00000000>, C4<00000000>;
o0x7a37cf5a33a8 .functor BUFZ 8, C4<zzzzzzzz>; HiZ drive
L_0x5e05f33a34c0 .functor BUFZ 8, o0x7a37cf5a33a8, C4<00000000>, C4<00000000>, C4<00000000>;
o0x7a37cf5a33d8 .functor BUFZ 8, C4<zzzzzzzz>; HiZ drive
L_0x5e05f33c2c80 .functor BUFZ 8, o0x7a37cf5a33d8, C4<00000000>, C4<00000000>, C4<00000000>;
o0x7a37cf5a3408 .functor BUFZ 8, C4<zzzzzzzz>; HiZ drive
L_0x5e05f33f7ab0 .functor BUFZ 8, o0x7a37cf5a3408, C4<00000000>, C4<00000000>, C4<00000000>;
o0x7a37cf5a3438 .functor BUFZ 8, C4<zzzzzzzz>; HiZ drive
L_0x5e05f33f7bd0 .functor BUFZ 8, o0x7a37cf5a3438, C4<00000000>, C4<00000000>, C4<00000000>;
o0x7a37cf5a3468 .functor BUFZ 8, C4<zzzzzzzz>; HiZ drive
L_0x5e05f33f7ca0 .functor BUFZ 8, o0x7a37cf5a3468, C4<00000000>, C4<00000000>, C4<00000000>;
o0x7a37cf5a3498 .functor BUFZ 8, C4<zzzzzzzz>; HiZ drive
L_0x5e05f33f7dd0 .functor BUFZ 8, o0x7a37cf5a3498, C4<00000000>, C4<00000000>, C4<00000000>;
o0x7a37cf5a34c8 .functor BUFZ 8, C4<zzzzzzzz>; HiZ drive
L_0x5e05f33f7ea0 .functor BUFZ 8, o0x7a37cf5a34c8, C4<00000000>, C4<00000000>, C4<00000000>;
o0x7a37cf5a34f8 .functor BUFZ 8, C4<zzzzzzzz>; HiZ drive
L_0x5e05f33f7fe0 .functor BUFZ 8, o0x7a37cf5a34f8, C4<00000000>, C4<00000000>, C4<00000000>;
o0x7a37cf5a3528 .functor BUFZ 8, C4<zzzzzzzz>; HiZ drive
L_0x5e05f33f80b0 .functor BUFZ 8, o0x7a37cf5a3528, C4<00000000>, C4<00000000>, C4<00000000>;
o0x7a37cf5a3558 .functor BUFZ 8, C4<zzzzzzzz>; HiZ drive
L_0x5e05f33f7f70 .functor BUFZ 8, o0x7a37cf5a3558, C4<00000000>, C4<00000000>, C4<00000000>;
o0x7a37cf5a3588 .functor BUFZ 8, C4<zzzzzzzz>; HiZ drive
L_0x5e05f33f8260 .functor BUFZ 8, o0x7a37cf5a3588, C4<00000000>, C4<00000000>, C4<00000000>;
o0x7a37cf5a35b8 .functor BUFZ 8, C4<zzzzzzzz>; HiZ drive
L_0x5e05f33f83c0 .functor BUFZ 8, o0x7a37cf5a35b8, C4<00000000>, C4<00000000>, C4<00000000>;
o0x7a37cf5a35e8 .functor BUFZ 8, C4<zzzzzzzz>; HiZ drive
L_0x5e05f33f8490 .functor BUFZ 8, o0x7a37cf5a35e8, C4<00000000>, C4<00000000>, C4<00000000>;
o0x7a37cf5a3618 .functor BUFZ 8, C4<zzzzzzzz>; HiZ drive
L_0x5e05f33f8600 .functor BUFZ 8, o0x7a37cf5a3618, C4<00000000>, C4<00000000>, C4<00000000>;
o0x7a37cf5a3648 .functor BUFZ 8, C4<zzzzzzzz>; HiZ drive
L_0x5e05f33f86d0 .functor BUFZ 8, o0x7a37cf5a3648, C4<00000000>, C4<00000000>, C4<00000000>;
o0x7a37cf5a3678 .functor BUFZ 8, C4<zzzzzzzz>; HiZ drive
L_0x5e05f33f8850 .functor BUFZ 8, o0x7a37cf5a3678, C4<00000000>, C4<00000000>, C4<00000000>;
o0x7a37cf5a36a8 .functor BUFZ 8, C4<zzzzzzzz>; HiZ drive
L_0x5e05f33f8920 .functor BUFZ 8, o0x7a37cf5a36a8, C4<00000000>, C4<00000000>, C4<00000000>;
o0x7a37cf5a36d8 .functor BUFZ 8, C4<zzzzzzzz>; HiZ drive
L_0x5e05f33f8ab0 .functor BUFZ 8, o0x7a37cf5a36d8, C4<00000000>, C4<00000000>, C4<00000000>;
o0x7a37cf5a3708 .functor BUFZ 8, C4<zzzzzzzz>; HiZ drive
L_0x5e05f33f8b80 .functor BUFZ 8, o0x7a37cf5a3708, C4<00000000>, C4<00000000>, C4<00000000>;
o0x7a37cf5a3738 .functor BUFZ 8, C4<zzzzzzzz>; HiZ drive
L_0x5e05f33f8d20 .functor BUFZ 8, o0x7a37cf5a3738, C4<00000000>, C4<00000000>, C4<00000000>;
o0x7a37cf5a3768 .functor BUFZ 8, C4<zzzzzzzz>; HiZ drive
L_0x5e05f33f8df0 .functor BUFZ 8, o0x7a37cf5a3768, C4<00000000>, C4<00000000>, C4<00000000>;
o0x7a37cf5a3798 .functor BUFZ 8, C4<zzzzzzzz>; HiZ drive
L_0x5e05f33f8fa0 .functor BUFZ 8, o0x7a37cf5a3798, C4<00000000>, C4<00000000>, C4<00000000>;
o0x7a37cf5a37c8 .functor BUFZ 8, C4<zzzzzzzz>; HiZ drive
L_0x5e05f33f9070 .functor BUFZ 8, o0x7a37cf5a37c8, C4<00000000>, C4<00000000>, C4<00000000>;
o0x7a37cf5a37f8 .functor BUFZ 8, C4<zzzzzzzz>; HiZ drive
L_0x5e05f33f9230 .functor BUFZ 8, o0x7a37cf5a37f8, C4<00000000>, C4<00000000>, C4<00000000>;
o0x7a37cf5a3828 .functor BUFZ 8, C4<zzzzzzzz>; HiZ drive
L_0x5e05f33f9300 .functor BUFZ 8, o0x7a37cf5a3828, C4<00000000>, C4<00000000>, C4<00000000>;
o0x7a37cf5a3858 .functor BUFZ 8, C4<zzzzzzzz>; HiZ drive
L_0x5e05f33f94d0 .functor BUFZ 8, o0x7a37cf5a3858, C4<00000000>, C4<00000000>, C4<00000000>;
o0x7a37cf5a3888 .functor BUFZ 8, C4<zzzzzzzz>; HiZ drive
L_0x5e05f33f95a0 .functor BUFZ 8, o0x7a37cf5a3888, C4<00000000>, C4<00000000>, C4<00000000>;
o0x7a37cf5a38b8 .functor BUFZ 8, C4<zzzzzzzz>; HiZ drive
L_0x5e05f33f9780 .functor BUFZ 8, o0x7a37cf5a38b8, C4<00000000>, C4<00000000>, C4<00000000>;
o0x7a37cf5a38e8 .functor BUFZ 8, C4<zzzzzzzz>; HiZ drive
L_0x5e05f33f9850 .functor BUFZ 8, o0x7a37cf5a38e8, C4<00000000>, C4<00000000>, C4<00000000>;
o0x7a37cf5a3918 .functor BUFZ 8, C4<zzzzzzzz>; HiZ drive
L_0x5e05f33f9a40 .functor BUFZ 8, o0x7a37cf5a3918, C4<00000000>, C4<00000000>, C4<00000000>;
o0x7a37cf5a3948 .functor BUFZ 8, C4<zzzzzzzz>; HiZ drive
L_0x5e05f33f9b10 .functor BUFZ 8, o0x7a37cf5a3948, C4<00000000>, C4<00000000>, C4<00000000>;
o0x7a37cf5a3978 .functor BUFZ 8, C4<zzzzzzzz>; HiZ drive
L_0x5e05f33f9920 .functor BUFZ 8, o0x7a37cf5a3978, C4<00000000>, C4<00000000>, C4<00000000>;
o0x7a37cf5a39a8 .functor BUFZ 8, C4<zzzzzzzz>; HiZ drive
L_0x5e05f33f9d10 .functor BUFZ 8, o0x7a37cf5a39a8, C4<00000000>, C4<00000000>, C4<00000000>;
o0x7a37cf5a39d8 .functor BUFZ 8, C4<zzzzzzzz>; HiZ drive
L_0x5e05f33f9ef0 .functor BUFZ 8, o0x7a37cf5a39d8, C4<00000000>, C4<00000000>, C4<00000000>;
o0x7a37cf5a3a08 .functor BUFZ 8, C4<zzzzzzzz>; HiZ drive
L_0x5e05f33f9fc0 .functor BUFZ 8, o0x7a37cf5a3a08, C4<00000000>, C4<00000000>, C4<00000000>;
o0x7a37cf5a3a38 .functor BUFZ 8, C4<zzzzzzzz>; HiZ drive
L_0x5e05f33fa1e0 .functor BUFZ 8, o0x7a37cf5a3a38, C4<00000000>, C4<00000000>, C4<00000000>;
o0x7a37cf5a3a68 .functor BUFZ 8, C4<zzzzzzzz>; HiZ drive
L_0x5e05f33fa2b0 .functor BUFZ 8, o0x7a37cf5a3a68, C4<00000000>, C4<00000000>, C4<00000000>;
o0x7a37cf5a3a98 .functor BUFZ 8, C4<zzzzzzzz>; HiZ drive
L_0x5e05f33fa4e0 .functor BUFZ 8, o0x7a37cf5a3a98, C4<00000000>, C4<00000000>, C4<00000000>;
o0x7a37cf5a3ac8 .functor BUFZ 8, C4<zzzzzzzz>; HiZ drive
L_0x5e05f33fa5b0 .functor BUFZ 8, o0x7a37cf5a3ac8, C4<00000000>, C4<00000000>, C4<00000000>;
o0x7a37cf5a3af8 .functor BUFZ 8, C4<zzzzzzzz>; HiZ drive
L_0x5e05f33fa7f0 .functor BUFZ 8, o0x7a37cf5a3af8, C4<00000000>, C4<00000000>, C4<00000000>;
o0x7a37cf5a3b28 .functor BUFZ 8, C4<zzzzzzzz>; HiZ drive
L_0x5e05f33fa8c0 .functor BUFZ 8, o0x7a37cf5a3b28, C4<00000000>, C4<00000000>, C4<00000000>;
o0x7a37cf5a3b58 .functor BUFZ 8, C4<zzzzzzzz>; HiZ drive
L_0x5e05f33fab10 .functor BUFZ 8, o0x7a37cf5a3b58, C4<00000000>, C4<00000000>, C4<00000000>;
o0x7a37cf5a3b88 .functor BUFZ 8, C4<zzzzzzzz>; HiZ drive
L_0x5e05f33fabe0 .functor BUFZ 8, o0x7a37cf5a3b88, C4<00000000>, C4<00000000>, C4<00000000>;
o0x7a37cf5a3bb8 .functor BUFZ 8, C4<zzzzzzzz>; HiZ drive
L_0x5e05f33fae40 .functor BUFZ 8, o0x7a37cf5a3bb8, C4<00000000>, C4<00000000>, C4<00000000>;
o0x7a37cf5a3be8 .functor BUFZ 8, C4<zzzzzzzz>; HiZ drive
L_0x5e05f33faf10 .functor BUFZ 8, o0x7a37cf5a3be8, C4<00000000>, C4<00000000>, C4<00000000>;
o0x7a37cf5a3c18 .functor BUFZ 8, C4<zzzzzzzz>; HiZ drive
L_0x5e05f33fb180 .functor BUFZ 8, o0x7a37cf5a3c18, C4<00000000>, C4<00000000>, C4<00000000>;
o0x7a37cf5a3c48 .functor BUFZ 8, C4<zzzzzzzz>; HiZ drive
L_0x5e05f33fb250 .functor BUFZ 8, o0x7a37cf5a3c48, C4<00000000>, C4<00000000>, C4<00000000>;
o0x7a37cf5a3c78 .functor BUFZ 8, C4<zzzzzzzz>; HiZ drive
L_0x5e05f33fb4d0 .functor BUFZ 8, o0x7a37cf5a3c78, C4<00000000>, C4<00000000>, C4<00000000>;
o0x7a37cf5a3ca8 .functor BUFZ 8, C4<zzzzzzzz>; HiZ drive
L_0x5e05f33fb5a0 .functor BUFZ 8, o0x7a37cf5a3ca8, C4<00000000>, C4<00000000>, C4<00000000>;
o0x7a37cf5a3cd8 .functor BUFZ 8, C4<zzzzzzzz>; HiZ drive
L_0x5e05f33fb830 .functor BUFZ 8, o0x7a37cf5a3cd8, C4<00000000>, C4<00000000>, C4<00000000>;
o0x7a37cf5a3d08 .functor BUFZ 8, C4<zzzzzzzz>; HiZ drive
L_0x5e05f33fb900 .functor BUFZ 8, o0x7a37cf5a3d08, C4<00000000>, C4<00000000>, C4<00000000>;
o0x7a37cf5a3d38 .functor BUFZ 8, C4<zzzzzzzz>; HiZ drive
L_0x5e05f33fbba0 .functor BUFZ 8, o0x7a37cf5a3d38, C4<00000000>, C4<00000000>, C4<00000000>;
o0x7a37cf5a3d68 .functor BUFZ 8, C4<zzzzzzzz>; HiZ drive
L_0x5e05f33fbc70 .functor BUFZ 8, o0x7a37cf5a3d68, C4<00000000>, C4<00000000>, C4<00000000>;
o0x7a37cf5a3d98 .functor BUFZ 8, C4<zzzzzzzz>; HiZ drive
L_0x5e05f33fbf20 .functor BUFZ 8, o0x7a37cf5a3d98, C4<00000000>, C4<00000000>, C4<00000000>;
o0x7a37cf5a3dc8 .functor BUFZ 8, C4<zzzzzzzz>; HiZ drive
L_0x5e05f33fbff0 .functor BUFZ 8, o0x7a37cf5a3dc8, C4<00000000>, C4<00000000>, C4<00000000>;
o0x7a37cf5a3df8 .functor BUFZ 8, C4<zzzzzzzz>; HiZ drive
L_0x5e05f33fc2b0 .functor BUFZ 8, o0x7a37cf5a3df8, C4<00000000>, C4<00000000>, C4<00000000>;
o0x7a37cf5a3e28 .functor BUFZ 8, C4<zzzzzzzz>; HiZ drive
L_0x5e05f33fc380 .functor BUFZ 8, o0x7a37cf5a3e28, C4<00000000>, C4<00000000>, C4<00000000>;
o0x7a37cf5a3e58 .functor BUFZ 8, C4<zzzzzzzz>; HiZ drive
L_0x5e05f33fc650 .functor BUFZ 8, o0x7a37cf5a3e58, C4<00000000>, C4<00000000>, C4<00000000>;
o0x7a37cf5a3e88 .functor BUFZ 8, C4<zzzzzzzz>; HiZ drive
L_0x5e05f33fc720 .functor BUFZ 8, o0x7a37cf5a3e88, C4<00000000>, C4<00000000>, C4<00000000>;
o0x7a37cf5a3eb8 .functor BUFZ 8, C4<zzzzzzzz>; HiZ drive
L_0x5e05f33fca00 .functor BUFZ 8, o0x7a37cf5a3eb8, C4<00000000>, C4<00000000>, C4<00000000>;
o0x7a37cf5a3ee8 .functor BUFZ 8, C4<zzzzzzzz>; HiZ drive
L_0x5e05f33fcad0 .functor BUFZ 8, o0x7a37cf5a3ee8, C4<00000000>, C4<00000000>, C4<00000000>;
o0x7a37cf5a3f18 .functor BUFZ 8, C4<zzzzzzzz>; HiZ drive
L_0x5e05f33fcdc0 .functor BUFZ 8, o0x7a37cf5a3f18, C4<00000000>, C4<00000000>, C4<00000000>;
o0x7a37cf5a3f48 .functor BUFZ 8, C4<zzzzzzzz>; HiZ drive
L_0x5e05f33fce90 .functor BUFZ 8, o0x7a37cf5a3f48, C4<00000000>, C4<00000000>, C4<00000000>;
o0x7a37cf5a3f78 .functor BUFZ 8, C4<zzzzzzzz>; HiZ drive
L_0x5e05f33fd190 .functor BUFZ 8, o0x7a37cf5a3f78, C4<00000000>, C4<00000000>, C4<00000000>;
o0x7a37cf5a3fa8 .functor BUFZ 8, C4<zzzzzzzz>; HiZ drive
L_0x5e05f33fd260 .functor BUFZ 8, o0x7a37cf5a3fa8, C4<00000000>, C4<00000000>, C4<00000000>;
o0x7a37cf5a3fd8 .functor BUFZ 8, C4<zzzzzzzz>; HiZ drive
L_0x5e05f33fd570 .functor BUFZ 8, o0x7a37cf5a3fd8, C4<00000000>, C4<00000000>, C4<00000000>;
o0x7a37cf5a4008 .functor BUFZ 8, C4<zzzzzzzz>; HiZ drive
L_0x5e05f33fd640 .functor BUFZ 8, o0x7a37cf5a4008, C4<00000000>, C4<00000000>, C4<00000000>;
o0x7a37cf5a4038 .functor BUFZ 8, C4<zzzzzzzz>; HiZ drive
L_0x5e05f33fd960 .functor BUFZ 8, o0x7a37cf5a4038, C4<00000000>, C4<00000000>, C4<00000000>;
o0x7a37cf5a4068 .functor BUFZ 8, C4<zzzzzzzz>; HiZ drive
L_0x5e05f33fda30 .functor BUFZ 8, o0x7a37cf5a4068, C4<00000000>, C4<00000000>, C4<00000000>;
o0x7a37cf5a4098 .functor BUFZ 8, C4<zzzzzzzz>; HiZ drive
L_0x5e05f33fdd60 .functor BUFZ 8, o0x7a37cf5a4098, C4<00000000>, C4<00000000>, C4<00000000>;
o0x7a37cf5a40c8 .functor BUFZ 8, C4<zzzzzzzz>; HiZ drive
L_0x5e05f33fde30 .functor BUFZ 8, o0x7a37cf5a40c8, C4<00000000>, C4<00000000>, C4<00000000>;
o0x7a37cf5a40f8 .functor BUFZ 8, C4<zzzzzzzz>; HiZ drive
L_0x5e05f33fe170 .functor BUFZ 8, o0x7a37cf5a40f8, C4<00000000>, C4<00000000>, C4<00000000>;
o0x7a37cf5a4128 .functor BUFZ 8, C4<zzzzzzzz>; HiZ drive
L_0x5e05f33fe240 .functor BUFZ 8, o0x7a37cf5a4128, C4<00000000>, C4<00000000>, C4<00000000>;
o0x7a37cf5a4158 .functor BUFZ 8, C4<zzzzzzzz>; HiZ drive
L_0x5e05f33fe590 .functor BUFZ 8, o0x7a37cf5a4158, C4<00000000>, C4<00000000>, C4<00000000>;
o0x7a37cf5a4188 .functor BUFZ 8, C4<zzzzzzzz>; HiZ drive
L_0x5e05f33fe660 .functor BUFZ 8, o0x7a37cf5a4188, C4<00000000>, C4<00000000>, C4<00000000>;
o0x7a37cf5a41b8 .functor BUFZ 8, C4<zzzzzzzz>; HiZ drive
L_0x5e05f33fe9c0 .functor BUFZ 8, o0x7a37cf5a41b8, C4<00000000>, C4<00000000>, C4<00000000>;
o0x7a37cf5a41e8 .functor BUFZ 8, C4<zzzzzzzz>; HiZ drive
L_0x5e05f33fea90 .functor BUFZ 8, o0x7a37cf5a41e8, C4<00000000>, C4<00000000>, C4<00000000>;
o0x7a37cf5a4218 .functor BUFZ 8, C4<zzzzzzzz>; HiZ drive
L_0x5e05f33fee00 .functor BUFZ 8, o0x7a37cf5a4218, C4<00000000>, C4<00000000>, C4<00000000>;
o0x7a37cf5a4248 .functor BUFZ 8, C4<zzzzzzzz>; HiZ drive
L_0x5e05f33feed0 .functor BUFZ 8, o0x7a37cf5a4248, C4<00000000>, C4<00000000>, C4<00000000>;
o0x7a37cf5a4278 .functor BUFZ 8, C4<zzzzzzzz>; HiZ drive
L_0x5e05f33ff250 .functor BUFZ 8, o0x7a37cf5a4278, C4<00000000>, C4<00000000>, C4<00000000>;
o0x7a37cf5a42a8 .functor BUFZ 8, C4<zzzzzzzz>; HiZ drive
L_0x5e05f33ff320 .functor BUFZ 8, o0x7a37cf5a42a8, C4<00000000>, C4<00000000>, C4<00000000>;
o0x7a37cf5a42d8 .functor BUFZ 8, C4<zzzzzzzz>; HiZ drive
L_0x5e05f33ff6b0 .functor BUFZ 8, o0x7a37cf5a42d8, C4<00000000>, C4<00000000>, C4<00000000>;
o0x7a37cf5a4308 .functor BUFZ 8, C4<zzzzzzzz>; HiZ drive
L_0x5e05f33ff780 .functor BUFZ 8, o0x7a37cf5a4308, C4<00000000>, C4<00000000>, C4<00000000>;
o0x7a37cf5a4338 .functor BUFZ 8, C4<zzzzzzzz>; HiZ drive
L_0x5e05f33ffb20 .functor BUFZ 8, o0x7a37cf5a4338, C4<00000000>, C4<00000000>, C4<00000000>;
o0x7a37cf5a4368 .functor BUFZ 8, C4<zzzzzzzz>; HiZ drive
L_0x5e05f33ffbf0 .functor BUFZ 8, o0x7a37cf5a4368, C4<00000000>, C4<00000000>, C4<00000000>;
o0x7a37cf5a4398 .functor BUFZ 8, C4<zzzzzzzz>; HiZ drive
L_0x5e05f33fffa0 .functor BUFZ 8, o0x7a37cf5a4398, C4<00000000>, C4<00000000>, C4<00000000>;
o0x7a37cf5a43c8 .functor BUFZ 8, C4<zzzzzzzz>; HiZ drive
L_0x5e05f3400070 .functor BUFZ 8, o0x7a37cf5a43c8, C4<00000000>, C4<00000000>, C4<00000000>;
o0x7a37cf5a43f8 .functor BUFZ 8, C4<zzzzzzzz>; HiZ drive
L_0x5e05f3400430 .functor BUFZ 8, o0x7a37cf5a43f8, C4<00000000>, C4<00000000>, C4<00000000>;
o0x7a37cf5a4428 .functor BUFZ 8, C4<zzzzzzzz>; HiZ drive
L_0x5e05f3400500 .functor BUFZ 8, o0x7a37cf5a4428, C4<00000000>, C4<00000000>, C4<00000000>;
o0x7a37cf5a4458 .functor BUFZ 8, C4<zzzzzzzz>; HiZ drive
L_0x5e05f34008d0 .functor BUFZ 8, o0x7a37cf5a4458, C4<00000000>, C4<00000000>, C4<00000000>;
o0x7a37cf5a4488 .functor BUFZ 8, C4<zzzzzzzz>; HiZ drive
L_0x5e05f34009a0 .functor BUFZ 8, o0x7a37cf5a4488, C4<00000000>, C4<00000000>, C4<00000000>;
o0x7a37cf5a44b8 .functor BUFZ 8, C4<zzzzzzzz>; HiZ drive
L_0x5e05f3400d80 .functor BUFZ 8, o0x7a37cf5a44b8, C4<00000000>, C4<00000000>, C4<00000000>;
o0x7a37cf5a44e8 .functor BUFZ 8, C4<zzzzzzzz>; HiZ drive
L_0x5e05f3400e50 .functor BUFZ 8, o0x7a37cf5a44e8, C4<00000000>, C4<00000000>, C4<00000000>;
o0x7a37cf5a4518 .functor BUFZ 8, C4<zzzzzzzz>; HiZ drive
L_0x5e05f3401240 .functor BUFZ 8, o0x7a37cf5a4518, C4<00000000>, C4<00000000>, C4<00000000>;
o0x7a37cf5a4548 .functor BUFZ 8, C4<zzzzzzzz>; HiZ drive
L_0x5e05f3401310 .functor BUFZ 8, o0x7a37cf5a4548, C4<00000000>, C4<00000000>, C4<00000000>;
o0x7a37cf5a4578 .functor BUFZ 8, C4<zzzzzzzz>; HiZ drive
L_0x5e05f3401710 .functor BUFZ 8, o0x7a37cf5a4578, C4<00000000>, C4<00000000>, C4<00000000>;
o0x7a37cf5a45a8 .functor BUFZ 8, C4<zzzzzzzz>; HiZ drive
L_0x5e05f34017e0 .functor BUFZ 8, o0x7a37cf5a45a8, C4<00000000>, C4<00000000>, C4<00000000>;
o0x7a37cf5a45d8 .functor BUFZ 8, C4<zzzzzzzz>; HiZ drive
L_0x5e05f3401bf0 .functor BUFZ 8, o0x7a37cf5a45d8, C4<00000000>, C4<00000000>, C4<00000000>;
o0x7a37cf5a4608 .functor BUFZ 8, C4<zzzzzzzz>; HiZ drive
L_0x5e05f3401cc0 .functor BUFZ 8, o0x7a37cf5a4608, C4<00000000>, C4<00000000>, C4<00000000>;
o0x7a37cf5a4638 .functor BUFZ 8, C4<zzzzzzzz>; HiZ drive
L_0x5e05f34020e0 .functor BUFZ 8, o0x7a37cf5a4638, C4<00000000>, C4<00000000>, C4<00000000>;
o0x7a37cf5a4668 .functor BUFZ 8, C4<zzzzzzzz>; HiZ drive
L_0x5e05f34021b0 .functor BUFZ 8, o0x7a37cf5a4668, C4<00000000>, C4<00000000>, C4<00000000>;
o0x7a37cf5a4698 .functor BUFZ 8, C4<zzzzzzzz>; HiZ drive
L_0x5e05f34025e0 .functor BUFZ 8, o0x7a37cf5a4698, C4<00000000>, C4<00000000>, C4<00000000>;
o0x7a37cf5a46c8 .functor BUFZ 8, C4<zzzzzzzz>; HiZ drive
L_0x5e05f34026b0 .functor BUFZ 8, o0x7a37cf5a46c8, C4<00000000>, C4<00000000>, C4<00000000>;
o0x7a37cf5a46f8 .functor BUFZ 8, C4<zzzzzzzz>; HiZ drive
L_0x5e05f3402af0 .functor BUFZ 8, o0x7a37cf5a46f8, C4<00000000>, C4<00000000>, C4<00000000>;
o0x7a37cf5a4728 .functor BUFZ 8, C4<zzzzzzzz>; HiZ drive
L_0x5e05f3402bc0 .functor BUFZ 8, o0x7a37cf5a4728, C4<00000000>, C4<00000000>, C4<00000000>;
o0x7a37cf5a4758 .functor BUFZ 8, C4<zzzzzzzz>; HiZ drive
L_0x5e05f3403010 .functor BUFZ 8, o0x7a37cf5a4758, C4<00000000>, C4<00000000>, C4<00000000>;
o0x7a37cf5a4788 .functor BUFZ 8, C4<zzzzzzzz>; HiZ drive
L_0x5e05f34030e0 .functor BUFZ 8, o0x7a37cf5a4788, C4<00000000>, C4<00000000>, C4<00000000>;
o0x7a37cf5a47b8 .functor BUFZ 8, C4<zzzzzzzz>; HiZ drive
L_0x5e05f3403540 .functor BUFZ 8, o0x7a37cf5a47b8, C4<00000000>, C4<00000000>, C4<00000000>;
o0x7a37cf5a47e8 .functor BUFZ 8, C4<zzzzzzzz>; HiZ drive
L_0x5e05f3403610 .functor BUFZ 8, o0x7a37cf5a47e8, C4<00000000>, C4<00000000>, C4<00000000>;
o0x7a37cf5a4818 .functor BUFZ 8, C4<zzzzzzzz>; HiZ drive
L_0x5e05f3403a80 .functor BUFZ 8, o0x7a37cf5a4818, C4<00000000>, C4<00000000>, C4<00000000>;
o0x7a37cf5a4848 .functor BUFZ 8, C4<zzzzzzzz>; HiZ drive
L_0x5e05f3403b50 .functor BUFZ 8, o0x7a37cf5a4848, C4<00000000>, C4<00000000>, C4<00000000>;
o0x7a37cf5a4878 .functor BUFZ 8, C4<zzzzzzzz>; HiZ drive
L_0x5e05f3403fd0 .functor BUFZ 8, o0x7a37cf5a4878, C4<00000000>, C4<00000000>, C4<00000000>;
o0x7a37cf5a48a8 .functor BUFZ 8, C4<zzzzzzzz>; HiZ drive
L_0x5e05f34040a0 .functor BUFZ 8, o0x7a37cf5a48a8, C4<00000000>, C4<00000000>, C4<00000000>;
o0x7a37cf5a48d8 .functor BUFZ 8, C4<zzzzzzzz>; HiZ drive
L_0x5e05f3404530 .functor BUFZ 8, o0x7a37cf5a48d8, C4<00000000>, C4<00000000>, C4<00000000>;
o0x7a37cf5a4908 .functor BUFZ 8, C4<zzzzzzzz>; HiZ drive
L_0x5e05f3404600 .functor BUFZ 8, o0x7a37cf5a4908, C4<00000000>, C4<00000000>, C4<00000000>;
o0x7a37cf5a4938 .functor BUFZ 8, C4<zzzzzzzz>; HiZ drive
L_0x5e05f3404aa0 .functor BUFZ 8, o0x7a37cf5a4938, C4<00000000>, C4<00000000>, C4<00000000>;
o0x7a37cf5a4968 .functor BUFZ 8, C4<zzzzzzzz>; HiZ drive
L_0x5e05f3404b70 .functor BUFZ 8, o0x7a37cf5a4968, C4<00000000>, C4<00000000>, C4<00000000>;
o0x7a37cf5a4998 .functor BUFZ 8, C4<zzzzzzzz>; HiZ drive
L_0x5e05f3405020 .functor BUFZ 8, o0x7a37cf5a4998, C4<00000000>, C4<00000000>, C4<00000000>;
o0x7a37cf5a49c8 .functor BUFZ 8, C4<zzzzzzzz>; HiZ drive
L_0x5e05f34050f0 .functor BUFZ 8, o0x7a37cf5a49c8, C4<00000000>, C4<00000000>, C4<00000000>;
o0x7a37cf5a49f8 .functor BUFZ 8, C4<zzzzzzzz>; HiZ drive
L_0x5e05f34055b0 .functor BUFZ 8, o0x7a37cf5a49f8, C4<00000000>, C4<00000000>, C4<00000000>;
o0x7a37cf5a4a28 .functor BUFZ 8, C4<zzzzzzzz>; HiZ drive
L_0x5e05f3405680 .functor BUFZ 8, o0x7a37cf5a4a28, C4<00000000>, C4<00000000>, C4<00000000>;
o0x7a37cf5a4a58 .functor BUFZ 8, C4<zzzzzzzz>; HiZ drive
L_0x5e05f33f8180 .functor BUFZ 8, o0x7a37cf5a4a58, C4<00000000>, C4<00000000>, C4<00000000>;
o0x7a37cf5a4a88 .functor BUFZ 8, C4<zzzzzzzz>; HiZ drive
L_0x5e05f33f5ff0 .functor BUFZ 8, o0x7a37cf5a4a88, C4<00000000>, C4<00000000>, C4<00000000>;
o0x7a37cf5a4ab8 .functor BUFZ 8, C4<zzzzzzzz>; HiZ drive
L_0x5e05f33f64d0 .functor BUFZ 8, o0x7a37cf5a4ab8, C4<00000000>, C4<00000000>, C4<00000000>;
o0x7a37cf5a4ae8 .functor BUFZ 8, C4<zzzzzzzz>; HiZ drive
L_0x5e05f33f65a0 .functor BUFZ 8, o0x7a37cf5a4ae8, C4<00000000>, C4<00000000>, C4<00000000>;
L_0x5e05f3405b20 .functor OR 1, v0x5e05f33f1310_0, v0x5e05f33f2160_0, C4<0>, C4<0>;
RS_0x7a37cf5a02e8 .resolv tri, v0x5e05f33ebbe0_0, v0x5e05f33f3cf0_0;
L_0x5e05f3405c30 .functor AND 1, RS_0x7a37cf5a02e8, L_0x5e05f3405b90, C4<1>, C4<1>;
L_0x5e05f33f67a0 .functor AND 1, RS_0x7a37cf5a02e8, L_0x5e05f33f6670, C4<1>, C4<1>;
v0x5e05f33f0300_0 .net *"_ivl_135", 0 0, L_0x5e05f3405b90;  1 drivers
v0x5e05f33f4510_0 .net *"_ivl_139", 0 0, L_0x5e05f33f6670;  1 drivers
v0x5e05f33f45d0_0 .net "and_result", 127 0, L_0x5e05f33c1d10;  1 drivers
v0x5e05f33f4670_0 .net "bitmask_a", 127 0, o0x7a37cf5a2da8;  0 drivers
v0x5e05f33f4730_0 .net "bitmask_b", 127 0, o0x7a37cf5a0b88;  0 drivers
o0x7a37cf5a0018 .functor BUFZ 1, C4<z>; HiZ drive
v0x5e05f33f4820_0 .net "clk", 0 0, o0x7a37cf5a0018;  0 drivers
v0x5e05f33f48c0_0 .net "current_position", 6 0, v0x5e05f33f2e70_0;  1 drivers
v0x5e05f33f49b0_0 .net "current_weight", 7 0, v0x5e05f33f2f60_0;  1 drivers
v0x5e05f33f4ac0_0 .net "fast_valid", 0 0, v0x5e05f33ee290_0;  1 drivers
v0x5e05f33f4bf0_0 .net "fibre_a_addr", 7 0, v0x5e05f33c2de0_0;  1 drivers
o0x7a37cf5a0138 .functor BUFZ 4, C4<zzzz>; HiZ drive
v0x5e05f33f4cb0_0 .net "fibre_a_data", 3 0, o0x7a37cf5a0138;  0 drivers
v0x5e05f33f4d50_0 .net "fibre_a_read_en", 0 0, v0x5e05f33eb580_0;  1 drivers
o0x7a37cf5a0198 .functor BUFZ 1, C4<z>; HiZ drive
v0x5e05f33f4e20_0 .net "fibre_a_valid", 0 0, o0x7a37cf5a0198;  0 drivers
v0x5e05f33f4ef0_0 .net "fifo_mp_empty", 0 0, v0x5e05f33f1310_0;  1 drivers
v0x5e05f33f4f90_0 .net "fifo_mp_full", 0 0, v0x5e05f33f13d0_0;  1 drivers
v0x5e05f33f5080_0 .net "fifo_mp_read_en", 0 0, L_0x5e05f3405c30;  1 drivers
v0x5e05f33f5120_0 .net "fifo_weight_empty", 0 0, v0x5e05f33f2160_0;  1 drivers
v0x5e05f33f5320_0 .net "fifo_weight_full", 0 0, v0x5e05f33f2220_0;  1 drivers
v0x5e05f33f5410_0 .net "fifo_weight_read_en", 0 0, L_0x5e05f33f67a0;  1 drivers
v0x5e05f33f54b0_0 .net "matched_position", 6 0, v0x5e05f33ef7e0_0;  1 drivers
v0x5e05f33f5550_0 .net "matched_weight", 7 0, v0x5e05f33ef8d0_0;  1 drivers
v0x5e05f33f5680 .array "nonzero_weights", 127 0;
v0x5e05f33f5680_0 .net v0x5e05f33f5680 0, 7 0, o0x7a37cf5a3318; 0 drivers
v0x5e05f33f5680_1 .net v0x5e05f33f5680 1, 7 0, o0x7a37cf5a3348; 0 drivers
v0x5e05f33f5680_2 .net v0x5e05f33f5680 2, 7 0, o0x7a37cf5a3378; 0 drivers
v0x5e05f33f5680_3 .net v0x5e05f33f5680 3, 7 0, o0x7a37cf5a33a8; 0 drivers
v0x5e05f33f5680_4 .net v0x5e05f33f5680 4, 7 0, o0x7a37cf5a33d8; 0 drivers
v0x5e05f33f5680_5 .net v0x5e05f33f5680 5, 7 0, o0x7a37cf5a3408; 0 drivers
v0x5e05f33f5680_6 .net v0x5e05f33f5680 6, 7 0, o0x7a37cf5a3438; 0 drivers
v0x5e05f33f5680_7 .net v0x5e05f33f5680 7, 7 0, o0x7a37cf5a3468; 0 drivers
v0x5e05f33f5680_8 .net v0x5e05f33f5680 8, 7 0, o0x7a37cf5a3498; 0 drivers
v0x5e05f33f5680_9 .net v0x5e05f33f5680 9, 7 0, o0x7a37cf5a34c8; 0 drivers
v0x5e05f33f5680_10 .net v0x5e05f33f5680 10, 7 0, o0x7a37cf5a34f8; 0 drivers
v0x5e05f33f5680_11 .net v0x5e05f33f5680 11, 7 0, o0x7a37cf5a3528; 0 drivers
v0x5e05f33f5680_12 .net v0x5e05f33f5680 12, 7 0, o0x7a37cf5a3558; 0 drivers
v0x5e05f33f5680_13 .net v0x5e05f33f5680 13, 7 0, o0x7a37cf5a3588; 0 drivers
v0x5e05f33f5680_14 .net v0x5e05f33f5680 14, 7 0, o0x7a37cf5a35b8; 0 drivers
v0x5e05f33f5680_15 .net v0x5e05f33f5680 15, 7 0, o0x7a37cf5a35e8; 0 drivers
v0x5e05f33f5680_16 .net v0x5e05f33f5680 16, 7 0, o0x7a37cf5a3618; 0 drivers
v0x5e05f33f5680_17 .net v0x5e05f33f5680 17, 7 0, o0x7a37cf5a3648; 0 drivers
v0x5e05f33f5680_18 .net v0x5e05f33f5680 18, 7 0, o0x7a37cf5a3678; 0 drivers
v0x5e05f33f5680_19 .net v0x5e05f33f5680 19, 7 0, o0x7a37cf5a36a8; 0 drivers
v0x5e05f33f5680_20 .net v0x5e05f33f5680 20, 7 0, o0x7a37cf5a36d8; 0 drivers
v0x5e05f33f5680_21 .net v0x5e05f33f5680 21, 7 0, o0x7a37cf5a3708; 0 drivers
v0x5e05f33f5680_22 .net v0x5e05f33f5680 22, 7 0, o0x7a37cf5a3738; 0 drivers
v0x5e05f33f5680_23 .net v0x5e05f33f5680 23, 7 0, o0x7a37cf5a3768; 0 drivers
v0x5e05f33f5680_24 .net v0x5e05f33f5680 24, 7 0, o0x7a37cf5a3798; 0 drivers
v0x5e05f33f5680_25 .net v0x5e05f33f5680 25, 7 0, o0x7a37cf5a37c8; 0 drivers
v0x5e05f33f5680_26 .net v0x5e05f33f5680 26, 7 0, o0x7a37cf5a37f8; 0 drivers
v0x5e05f33f5680_27 .net v0x5e05f33f5680 27, 7 0, o0x7a37cf5a3828; 0 drivers
v0x5e05f33f5680_28 .net v0x5e05f33f5680 28, 7 0, o0x7a37cf5a3858; 0 drivers
v0x5e05f33f5680_29 .net v0x5e05f33f5680 29, 7 0, o0x7a37cf5a3888; 0 drivers
v0x5e05f33f5680_30 .net v0x5e05f33f5680 30, 7 0, o0x7a37cf5a38b8; 0 drivers
v0x5e05f33f5680_31 .net v0x5e05f33f5680 31, 7 0, o0x7a37cf5a38e8; 0 drivers
v0x5e05f33f5680_32 .net v0x5e05f33f5680 32, 7 0, o0x7a37cf5a3918; 0 drivers
v0x5e05f33f5680_33 .net v0x5e05f33f5680 33, 7 0, o0x7a37cf5a3948; 0 drivers
v0x5e05f33f5680_34 .net v0x5e05f33f5680 34, 7 0, o0x7a37cf5a3978; 0 drivers
v0x5e05f33f5680_35 .net v0x5e05f33f5680 35, 7 0, o0x7a37cf5a39a8; 0 drivers
v0x5e05f33f5680_36 .net v0x5e05f33f5680 36, 7 0, o0x7a37cf5a39d8; 0 drivers
v0x5e05f33f5680_37 .net v0x5e05f33f5680 37, 7 0, o0x7a37cf5a3a08; 0 drivers
v0x5e05f33f5680_38 .net v0x5e05f33f5680 38, 7 0, o0x7a37cf5a3a38; 0 drivers
v0x5e05f33f5680_39 .net v0x5e05f33f5680 39, 7 0, o0x7a37cf5a3a68; 0 drivers
v0x5e05f33f5680_40 .net v0x5e05f33f5680 40, 7 0, o0x7a37cf5a3a98; 0 drivers
v0x5e05f33f5680_41 .net v0x5e05f33f5680 41, 7 0, o0x7a37cf5a3ac8; 0 drivers
v0x5e05f33f5680_42 .net v0x5e05f33f5680 42, 7 0, o0x7a37cf5a3af8; 0 drivers
v0x5e05f33f5680_43 .net v0x5e05f33f5680 43, 7 0, o0x7a37cf5a3b28; 0 drivers
v0x5e05f33f5680_44 .net v0x5e05f33f5680 44, 7 0, o0x7a37cf5a3b58; 0 drivers
v0x5e05f33f5680_45 .net v0x5e05f33f5680 45, 7 0, o0x7a37cf5a3b88; 0 drivers
v0x5e05f33f5680_46 .net v0x5e05f33f5680 46, 7 0, o0x7a37cf5a3bb8; 0 drivers
v0x5e05f33f5680_47 .net v0x5e05f33f5680 47, 7 0, o0x7a37cf5a3be8; 0 drivers
v0x5e05f33f5680_48 .net v0x5e05f33f5680 48, 7 0, o0x7a37cf5a3c18; 0 drivers
v0x5e05f33f5680_49 .net v0x5e05f33f5680 49, 7 0, o0x7a37cf5a3c48; 0 drivers
v0x5e05f33f5680_50 .net v0x5e05f33f5680 50, 7 0, o0x7a37cf5a3c78; 0 drivers
v0x5e05f33f5680_51 .net v0x5e05f33f5680 51, 7 0, o0x7a37cf5a3ca8; 0 drivers
v0x5e05f33f5680_52 .net v0x5e05f33f5680 52, 7 0, o0x7a37cf5a3cd8; 0 drivers
v0x5e05f33f5680_53 .net v0x5e05f33f5680 53, 7 0, o0x7a37cf5a3d08; 0 drivers
v0x5e05f33f5680_54 .net v0x5e05f33f5680 54, 7 0, o0x7a37cf5a3d38; 0 drivers
v0x5e05f33f5680_55 .net v0x5e05f33f5680 55, 7 0, o0x7a37cf5a3d68; 0 drivers
v0x5e05f33f5680_56 .net v0x5e05f33f5680 56, 7 0, o0x7a37cf5a3d98; 0 drivers
v0x5e05f33f5680_57 .net v0x5e05f33f5680 57, 7 0, o0x7a37cf5a3dc8; 0 drivers
v0x5e05f33f5680_58 .net v0x5e05f33f5680 58, 7 0, o0x7a37cf5a3df8; 0 drivers
v0x5e05f33f5680_59 .net v0x5e05f33f5680 59, 7 0, o0x7a37cf5a3e28; 0 drivers
v0x5e05f33f5680_60 .net v0x5e05f33f5680 60, 7 0, o0x7a37cf5a3e58; 0 drivers
v0x5e05f33f5680_61 .net v0x5e05f33f5680 61, 7 0, o0x7a37cf5a3e88; 0 drivers
v0x5e05f33f5680_62 .net v0x5e05f33f5680 62, 7 0, o0x7a37cf5a3eb8; 0 drivers
v0x5e05f33f5680_63 .net v0x5e05f33f5680 63, 7 0, o0x7a37cf5a3ee8; 0 drivers
v0x5e05f33f5680_64 .net v0x5e05f33f5680 64, 7 0, o0x7a37cf5a3f18; 0 drivers
v0x5e05f33f5680_65 .net v0x5e05f33f5680 65, 7 0, o0x7a37cf5a3f48; 0 drivers
v0x5e05f33f5680_66 .net v0x5e05f33f5680 66, 7 0, o0x7a37cf5a3f78; 0 drivers
v0x5e05f33f5680_67 .net v0x5e05f33f5680 67, 7 0, o0x7a37cf5a3fa8; 0 drivers
v0x5e05f33f5680_68 .net v0x5e05f33f5680 68, 7 0, o0x7a37cf5a3fd8; 0 drivers
v0x5e05f33f5680_69 .net v0x5e05f33f5680 69, 7 0, o0x7a37cf5a4008; 0 drivers
v0x5e05f33f5680_70 .net v0x5e05f33f5680 70, 7 0, o0x7a37cf5a4038; 0 drivers
v0x5e05f33f5680_71 .net v0x5e05f33f5680 71, 7 0, o0x7a37cf5a4068; 0 drivers
v0x5e05f33f5680_72 .net v0x5e05f33f5680 72, 7 0, o0x7a37cf5a4098; 0 drivers
v0x5e05f33f5680_73 .net v0x5e05f33f5680 73, 7 0, o0x7a37cf5a40c8; 0 drivers
v0x5e05f33f5680_74 .net v0x5e05f33f5680 74, 7 0, o0x7a37cf5a40f8; 0 drivers
v0x5e05f33f5680_75 .net v0x5e05f33f5680 75, 7 0, o0x7a37cf5a4128; 0 drivers
v0x5e05f33f5680_76 .net v0x5e05f33f5680 76, 7 0, o0x7a37cf5a4158; 0 drivers
v0x5e05f33f5680_77 .net v0x5e05f33f5680 77, 7 0, o0x7a37cf5a4188; 0 drivers
v0x5e05f33f5680_78 .net v0x5e05f33f5680 78, 7 0, o0x7a37cf5a41b8; 0 drivers
v0x5e05f33f5680_79 .net v0x5e05f33f5680 79, 7 0, o0x7a37cf5a41e8; 0 drivers
v0x5e05f33f5680_80 .net v0x5e05f33f5680 80, 7 0, o0x7a37cf5a4218; 0 drivers
v0x5e05f33f5680_81 .net v0x5e05f33f5680 81, 7 0, o0x7a37cf5a4248; 0 drivers
v0x5e05f33f5680_82 .net v0x5e05f33f5680 82, 7 0, o0x7a37cf5a4278; 0 drivers
v0x5e05f33f5680_83 .net v0x5e05f33f5680 83, 7 0, o0x7a37cf5a42a8; 0 drivers
v0x5e05f33f5680_84 .net v0x5e05f33f5680 84, 7 0, o0x7a37cf5a42d8; 0 drivers
v0x5e05f33f5680_85 .net v0x5e05f33f5680 85, 7 0, o0x7a37cf5a4308; 0 drivers
v0x5e05f33f5680_86 .net v0x5e05f33f5680 86, 7 0, o0x7a37cf5a4338; 0 drivers
v0x5e05f33f5680_87 .net v0x5e05f33f5680 87, 7 0, o0x7a37cf5a4368; 0 drivers
v0x5e05f33f5680_88 .net v0x5e05f33f5680 88, 7 0, o0x7a37cf5a4398; 0 drivers
v0x5e05f33f5680_89 .net v0x5e05f33f5680 89, 7 0, o0x7a37cf5a43c8; 0 drivers
v0x5e05f33f5680_90 .net v0x5e05f33f5680 90, 7 0, o0x7a37cf5a43f8; 0 drivers
v0x5e05f33f5680_91 .net v0x5e05f33f5680 91, 7 0, o0x7a37cf5a4428; 0 drivers
v0x5e05f33f5680_92 .net v0x5e05f33f5680 92, 7 0, o0x7a37cf5a4458; 0 drivers
v0x5e05f33f5680_93 .net v0x5e05f33f5680 93, 7 0, o0x7a37cf5a4488; 0 drivers
v0x5e05f33f5680_94 .net v0x5e05f33f5680 94, 7 0, o0x7a37cf5a44b8; 0 drivers
v0x5e05f33f5680_95 .net v0x5e05f33f5680 95, 7 0, o0x7a37cf5a44e8; 0 drivers
v0x5e05f33f5680_96 .net v0x5e05f33f5680 96, 7 0, o0x7a37cf5a4518; 0 drivers
v0x5e05f33f5680_97 .net v0x5e05f33f5680 97, 7 0, o0x7a37cf5a4548; 0 drivers
v0x5e05f33f5680_98 .net v0x5e05f33f5680 98, 7 0, o0x7a37cf5a4578; 0 drivers
v0x5e05f33f5680_99 .net v0x5e05f33f5680 99, 7 0, o0x7a37cf5a45a8; 0 drivers
v0x5e05f33f5680_100 .net v0x5e05f33f5680 100, 7 0, o0x7a37cf5a45d8; 0 drivers
v0x5e05f33f5680_101 .net v0x5e05f33f5680 101, 7 0, o0x7a37cf5a4608; 0 drivers
v0x5e05f33f5680_102 .net v0x5e05f33f5680 102, 7 0, o0x7a37cf5a4638; 0 drivers
v0x5e05f33f5680_103 .net v0x5e05f33f5680 103, 7 0, o0x7a37cf5a4668; 0 drivers
v0x5e05f33f5680_104 .net v0x5e05f33f5680 104, 7 0, o0x7a37cf5a4698; 0 drivers
v0x5e05f33f5680_105 .net v0x5e05f33f5680 105, 7 0, o0x7a37cf5a46c8; 0 drivers
v0x5e05f33f5680_106 .net v0x5e05f33f5680 106, 7 0, o0x7a37cf5a46f8; 0 drivers
v0x5e05f33f5680_107 .net v0x5e05f33f5680 107, 7 0, o0x7a37cf5a4728; 0 drivers
v0x5e05f33f5680_108 .net v0x5e05f33f5680 108, 7 0, o0x7a37cf5a4758; 0 drivers
v0x5e05f33f5680_109 .net v0x5e05f33f5680 109, 7 0, o0x7a37cf5a4788; 0 drivers
v0x5e05f33f5680_110 .net v0x5e05f33f5680 110, 7 0, o0x7a37cf5a47b8; 0 drivers
v0x5e05f33f5680_111 .net v0x5e05f33f5680 111, 7 0, o0x7a37cf5a47e8; 0 drivers
v0x5e05f33f5680_112 .net v0x5e05f33f5680 112, 7 0, o0x7a37cf5a4818; 0 drivers
v0x5e05f33f5680_113 .net v0x5e05f33f5680 113, 7 0, o0x7a37cf5a4848; 0 drivers
v0x5e05f33f5680_114 .net v0x5e05f33f5680 114, 7 0, o0x7a37cf5a4878; 0 drivers
v0x5e05f33f5680_115 .net v0x5e05f33f5680 115, 7 0, o0x7a37cf5a48a8; 0 drivers
v0x5e05f33f5680_116 .net v0x5e05f33f5680 116, 7 0, o0x7a37cf5a48d8; 0 drivers
v0x5e05f33f5680_117 .net v0x5e05f33f5680 117, 7 0, o0x7a37cf5a4908; 0 drivers
v0x5e05f33f5680_118 .net v0x5e05f33f5680 118, 7 0, o0x7a37cf5a4938; 0 drivers
v0x5e05f33f5680_119 .net v0x5e05f33f5680 119, 7 0, o0x7a37cf5a4968; 0 drivers
v0x5e05f33f5680_120 .net v0x5e05f33f5680 120, 7 0, o0x7a37cf5a4998; 0 drivers
v0x5e05f33f5680_121 .net v0x5e05f33f5680 121, 7 0, o0x7a37cf5a49c8; 0 drivers
v0x5e05f33f5680_122 .net v0x5e05f33f5680 122, 7 0, o0x7a37cf5a49f8; 0 drivers
v0x5e05f33f5680_123 .net v0x5e05f33f5680 123, 7 0, o0x7a37cf5a4a28; 0 drivers
v0x5e05f33f5680_124 .net v0x5e05f33f5680 124, 7 0, o0x7a37cf5a4a58; 0 drivers
v0x5e05f33f5680_125 .net v0x5e05f33f5680 125, 7 0, o0x7a37cf5a4a88; 0 drivers
v0x5e05f33f5680_126 .net v0x5e05f33f5680 126, 7 0, o0x7a37cf5a4ab8; 0 drivers
v0x5e05f33f5680_127 .net v0x5e05f33f5680 127, 7 0, o0x7a37cf5a4ae8; 0 drivers
v0x5e05f33f6af0_0 .net "ready_for_fast", 0 0, v0x5e05f33ebb20_0;  1 drivers
v0x5e05f33f6b90_0 .net "ready_for_input", 0 0, L_0x5e05f33b33e0;  1 drivers
v0x5e05f33f6c30_0 .net8 "ready_for_slow", 0 0, RS_0x7a37cf5a02e8;  2 drivers
v0x5e05f33f6cd0_0 .net "result_0", 9 0, v0x5e05f33ebca0_0;  1 drivers
v0x5e05f33f6d90_0 .net "result_1", 9 0, v0x5e05f33ebe90_0;  1 drivers
v0x5e05f33f6e30_0 .net "result_2", 9 0, v0x5e05f33ebf70_0;  1 drivers
v0x5e05f33f6f00_0 .net "result_3", 9 0, v0x5e05f33ec050_0;  1 drivers
v0x5e05f33f6fd0_0 .net "result_valid", 0 0, v0x5e05f33ec130_0;  1 drivers
o0x7a37cf5a0408 .functor BUFZ 1, C4<z>; HiZ drive
v0x5e05f33f70a0_0 .net "rst", 0 0, o0x7a37cf5a0408;  0 drivers
v0x5e05f33f7140_0 .net "slow_offset", 6 0, v0x5e05f33f3ef0_0;  1 drivers
v0x5e05f33f71e0_0 .net "slow_valid", 0 0, v0x5e05f33f3fe0_0;  1 drivers
o0x7a37cf5a2478 .functor BUFZ 1, C4<z>; HiZ drive
v0x5e05f33f74e0_0 .net "valid_input", 0 0, o0x7a37cf5a2478;  0 drivers
L_0x5e05f3405b90 .reduce/nor v0x5e05f33f1310_0;
L_0x5e05f33f6670 .reduce/nor v0x5e05f33f2160_0;
S_0x5e05f3368000 .scope module, "accumulator_correction_inst" "accumulator_correction" 3 116, 4 1 0, S_0x5e05f3388b00;
 .timescale 0 0;
    .port_info 0 /INPUT 1 "clk";
    .port_info 1 /INPUT 1 "rst";
    .port_info 2 /INPUT 7 "matched_position";
    .port_info 3 /INPUT 8 "matched_weight";
    .port_info 4 /INPUT 1 "fast_valid";
    .port_info 5 /INPUT 7 "current_position";
    .port_info 6 /INPUT 8 "current_weight";
    .port_info 7 /INPUT 7 "slow_offset";
    .port_info 8 /INPUT 1 "slow_valid";
    .port_info 9 /INPUT 1 "fifo_empty";
    .port_info 10 /INPUT 4 "fibre_a_data";
    .port_info 11 /INPUT 1 "fibre_a_valid";
    .port_info 12 /OUTPUT 8 "fibre_a_addr";
    .port_info 13 /OUTPUT 1 "fibre_a_read_en";
    .port_info 14 /OUTPUT 1 "ready_for_fast";
    .port_info 15 /OUTPUT 1 "ready_for_slow";
    .port_info 16 /OUTPUT 1 "fifo_read_req";
    .port_info 17 /OUTPUT 10 "result_0";
    .port_info 18 /OUTPUT 10 "result_1";
    .port_info 19 /OUTPUT 10 "result_2";
    .port_info 20 /OUTPUT 10 "result_3";
    .port_info 21 /OUTPUT 1 "result_valid";
P_0x5e05f33a2e00 .param/l "ADDR_WIDTH" 0 4 6, +C4<00000000000000000000000000001000>;
P_0x5e05f33a2e40 .param/l "COMPLETE" 1 4 47, C4<100>;
P_0x5e05f33a2e80 .param/l "CORRECTION" 1 4 46, C4<011>;
P_0x5e05f33a2ec0 .param/l "CORRECTION_ACC_WIDTH" 0 4 5, +C4<00000000000000000000000000001010>;
P_0x5e05f33a2f00 .param/l "CORR_IDLE" 1 4 43, C4<000>;
P_0x5e05f33a2f40 .param/l "PSEUDO_ACC_WIDTH" 0 4 4, +C4<00000000000000000000000000001100>;
P_0x5e05f33a2f80 .param/l "TIMESTEPS" 0 4 2, +C4<00000000000000000000000000000100>;
P_0x5e05f33a2fc0 .param/l "WAITING_FOR_DATA" 1 4 45, C4<010>;
P_0x5e05f33a3000 .param/l "WAITING_FOR_FIFO" 1 4 44, C4<001>;
P_0x5e05f33a3040 .param/l "WEIGHT_WIDTH" 0 4 3, +C4<00000000000000000000000000001000>;
v0x5e05f33b1bd0_0 .net "clk", 0 0, o0x7a37cf5a0018;  alias, 0 drivers
v0x5e05f33b1c70_0 .var "corr_state", 2 0;
v0x5e05f33a3660_0 .net "current_position", 6 0, v0x5e05f33f2e70_0;  alias, 1 drivers
v0x5e05f33a3700_0 .net "current_weight", 7 0, v0x5e05f33f2f60_0;  alias, 1 drivers
v0x5e05f33ada20_0 .net "fast_valid", 0 0, v0x5e05f33ee290_0;  alias, 1 drivers
v0x5e05f33c2de0_0 .var "fibre_a_addr", 7 0;
v0x5e05f330a330_0 .net "fibre_a_data", 3 0, o0x7a37cf5a0138;  alias, 0 drivers
v0x5e05f33eb580_0 .var "fibre_a_read_en", 0 0;
v0x5e05f33eb640_0 .net "fibre_a_valid", 0 0, o0x7a37cf5a0198;  alias, 0 drivers
v0x5e05f33eb700_0 .net "fifo_empty", 0 0, L_0x5e05f3405b20;  1 drivers
v0x5e05f33eb7c0_0 .var "fifo_read_req", 0 0;
v0x5e05f33eb880_0 .net "matched_position", 6 0, v0x5e05f33ef7e0_0;  alias, 1 drivers
v0x5e05f33eb960_0 .net "matched_weight", 7 0, v0x5e05f33ef8d0_0;  alias, 1 drivers
v0x5e05f33eba40_0 .var "pseudo_accumulator", 11 0;
v0x5e05f33ebb20_0 .var "ready_for_fast", 0 0;
v0x5e05f33ebbe0_0 .var "ready_for_slow", 0 0;
v0x5e05f33ebca0_0 .var "result_0", 9 0;
v0x5e05f33ebe90_0 .var "result_1", 9 0;
v0x5e05f33ebf70_0 .var "result_2", 9 0;
v0x5e05f33ec050_0 .var "result_3", 9 0;
v0x5e05f33ec130_0 .var "result_valid", 0 0;
v0x5e05f33ec1f0_0 .net "rst", 0 0, o0x7a37cf5a0408;  alias, 0 drivers
v0x5e05f33ec2b0_0 .net "slow_offset", 6 0, v0x5e05f33f3ef0_0;  alias, 1 drivers
v0x5e05f33ec390_0 .net "slow_valid", 0 0, v0x5e05f33f3fe0_0;  alias, 1 drivers
v0x5e05f33ec450_0 .var "stored_fibre_a", 3 0;
v0x5e05f33ec530_0 .var "stored_offset", 6 0;
v0x5e05f33ec610_0 .var "stored_weight", 7 0;
E_0x5e05f33725a0 .event posedge, v0x5e05f33ec1f0_0, v0x5e05f33b1bd0_0;
S_0x5e05f33ec9b0 .scope module, "fast_prefix_inst" "fast_prefix" 3 69, 5 1 0, S_0x5e05f3388b00;
 .timescale 0 0;
    .port_info 0 /INPUT 1 "clk";
    .port_info 1 /INPUT 1 "rst";
    .port_info 2 /INPUT 128 "and_result";
    .port_info 3 /INPUT 128 "bitmask_b";
    .port_info 4 /INPUT 1 "valid_match";
    .port_info 5 /INPUT 1024 "fibre_b_data";
    .port_info 6 /OUTPUT 7 "fast_offset";
    .port_info 7 /OUTPUT 7 "matched_position";
    .port_info 8 /OUTPUT 8 "matched_weight";
    .port_info 9 /OUTPUT 1 "fast_valid";
    .port_info 10 /OUTPUT 1 "processing_done";
P_0x5e05f33ca720 .param/l "BITMASK_WIDTH" 0 5 2, +C4<00000000000000000000000010000000>;
P_0x5e05f33ca760 .param/l "WEIGHT_WIDTH" 0 5 3, +C4<00000000000000000000000000001000>;
v0x5e05f33edd00_0 .net "and_result", 127 0, L_0x5e05f33c1d10;  alias, 1 drivers
v0x5e05f33ede00_0 .net "bitmask_b", 127 0, o0x7a37cf5a0b88;  alias, 0 drivers
v0x5e05f33edee0_0 .net "clk", 0 0, o0x7a37cf5a0018;  alias, 0 drivers
v0x5e05f33edfe0_0 .var "current_and_result", 127 0;
v0x5e05f33ee080_0 .var "current_pos", 6 0;
v0x5e05f33ee1b0_0 .var "fast_offset", 6 0;
v0x5e05f33ee290_0 .var "fast_valid", 0 0;
v0x5e05f33ee330 .array "fibre_b_data", 127 0;
v0x5e05f33ee330_0 .net v0x5e05f33ee330 0, 7 0, L_0x5e05f33b3fc0; 1 drivers
v0x5e05f33ee330_1 .net v0x5e05f33ee330 1, 7 0, L_0x5e05f33b0a10; 1 drivers
v0x5e05f33ee330_2 .net v0x5e05f33ee330 2, 7 0, L_0x5e05f33b15f0; 1 drivers
v0x5e05f33ee330_3 .net v0x5e05f33ee330 3, 7 0, L_0x5e05f33a34c0; 1 drivers
v0x5e05f33ee330_4 .net v0x5e05f33ee330 4, 7 0, L_0x5e05f33c2c80; 1 drivers
v0x5e05f33ee330_5 .net v0x5e05f33ee330 5, 7 0, L_0x5e05f33f7ab0; 1 drivers
v0x5e05f33ee330_6 .net v0x5e05f33ee330 6, 7 0, L_0x5e05f33f7bd0; 1 drivers
v0x5e05f33ee330_7 .net v0x5e05f33ee330 7, 7 0, L_0x5e05f33f7ca0; 1 drivers
v0x5e05f33ee330_8 .net v0x5e05f33ee330 8, 7 0, L_0x5e05f33f7dd0; 1 drivers
v0x5e05f33ee330_9 .net v0x5e05f33ee330 9, 7 0, L_0x5e05f33f7ea0; 1 drivers
v0x5e05f33ee330_10 .net v0x5e05f33ee330 10, 7 0, L_0x5e05f33f7fe0; 1 drivers
v0x5e05f33ee330_11 .net v0x5e05f33ee330 11, 7 0, L_0x5e05f33f80b0; 1 drivers
v0x5e05f33ee330_12 .net v0x5e05f33ee330 12, 7 0, L_0x5e05f33f7f70; 1 drivers
v0x5e05f33ee330_13 .net v0x5e05f33ee330 13, 7 0, L_0x5e05f33f8260; 1 drivers
v0x5e05f33ee330_14 .net v0x5e05f33ee330 14, 7 0, L_0x5e05f33f83c0; 1 drivers
v0x5e05f33ee330_15 .net v0x5e05f33ee330 15, 7 0, L_0x5e05f33f8490; 1 drivers
v0x5e05f33ee330_16 .net v0x5e05f33ee330 16, 7 0, L_0x5e05f33f8600; 1 drivers
v0x5e05f33ee330_17 .net v0x5e05f33ee330 17, 7 0, L_0x5e05f33f86d0; 1 drivers
v0x5e05f33ee330_18 .net v0x5e05f33ee330 18, 7 0, L_0x5e05f33f8850; 1 drivers
v0x5e05f33ee330_19 .net v0x5e05f33ee330 19, 7 0, L_0x5e05f33f8920; 1 drivers
v0x5e05f33ee330_20 .net v0x5e05f33ee330 20, 7 0, L_0x5e05f33f8ab0; 1 drivers
v0x5e05f33ee330_21 .net v0x5e05f33ee330 21, 7 0, L_0x5e05f33f8b80; 1 drivers
v0x5e05f33ee330_22 .net v0x5e05f33ee330 22, 7 0, L_0x5e05f33f8d20; 1 drivers
v0x5e05f33ee330_23 .net v0x5e05f33ee330 23, 7 0, L_0x5e05f33f8df0; 1 drivers
v0x5e05f33ee330_24 .net v0x5e05f33ee330 24, 7 0, L_0x5e05f33f8fa0; 1 drivers
v0x5e05f33ee330_25 .net v0x5e05f33ee330 25, 7 0, L_0x5e05f33f9070; 1 drivers
v0x5e05f33ee330_26 .net v0x5e05f33ee330 26, 7 0, L_0x5e05f33f9230; 1 drivers
v0x5e05f33ee330_27 .net v0x5e05f33ee330 27, 7 0, L_0x5e05f33f9300; 1 drivers
v0x5e05f33ee330_28 .net v0x5e05f33ee330 28, 7 0, L_0x5e05f33f94d0; 1 drivers
v0x5e05f33ee330_29 .net v0x5e05f33ee330 29, 7 0, L_0x5e05f33f95a0; 1 drivers
v0x5e05f33ee330_30 .net v0x5e05f33ee330 30, 7 0, L_0x5e05f33f9780; 1 drivers
v0x5e05f33ee330_31 .net v0x5e05f33ee330 31, 7 0, L_0x5e05f33f9850; 1 drivers
v0x5e05f33ee330_32 .net v0x5e05f33ee330 32, 7 0, L_0x5e05f33f9a40; 1 drivers
v0x5e05f33ee330_33 .net v0x5e05f33ee330 33, 7 0, L_0x5e05f33f9b10; 1 drivers
v0x5e05f33ee330_34 .net v0x5e05f33ee330 34, 7 0, L_0x5e05f33f9920; 1 drivers
v0x5e05f33ee330_35 .net v0x5e05f33ee330 35, 7 0, L_0x5e05f33f9d10; 1 drivers
v0x5e05f33ee330_36 .net v0x5e05f33ee330 36, 7 0, L_0x5e05f33f9ef0; 1 drivers
v0x5e05f33ee330_37 .net v0x5e05f33ee330 37, 7 0, L_0x5e05f33f9fc0; 1 drivers
v0x5e05f33ee330_38 .net v0x5e05f33ee330 38, 7 0, L_0x5e05f33fa1e0; 1 drivers
v0x5e05f33ee330_39 .net v0x5e05f33ee330 39, 7 0, L_0x5e05f33fa2b0; 1 drivers
v0x5e05f33ee330_40 .net v0x5e05f33ee330 40, 7 0, L_0x5e05f33fa4e0; 1 drivers
v0x5e05f33ee330_41 .net v0x5e05f33ee330 41, 7 0, L_0x5e05f33fa5b0; 1 drivers
v0x5e05f33ee330_42 .net v0x5e05f33ee330 42, 7 0, L_0x5e05f33fa7f0; 1 drivers
v0x5e05f33ee330_43 .net v0x5e05f33ee330 43, 7 0, L_0x5e05f33fa8c0; 1 drivers
v0x5e05f33ee330_44 .net v0x5e05f33ee330 44, 7 0, L_0x5e05f33fab10; 1 drivers
v0x5e05f33ee330_45 .net v0x5e05f33ee330 45, 7 0, L_0x5e05f33fabe0; 1 drivers
v0x5e05f33ee330_46 .net v0x5e05f33ee330 46, 7 0, L_0x5e05f33fae40; 1 drivers
v0x5e05f33ee330_47 .net v0x5e05f33ee330 47, 7 0, L_0x5e05f33faf10; 1 drivers
v0x5e05f33ee330_48 .net v0x5e05f33ee330 48, 7 0, L_0x5e05f33fb180; 1 drivers
v0x5e05f33ee330_49 .net v0x5e05f33ee330 49, 7 0, L_0x5e05f33fb250; 1 drivers
v0x5e05f33ee330_50 .net v0x5e05f33ee330 50, 7 0, L_0x5e05f33fb4d0; 1 drivers
v0x5e05f33ee330_51 .net v0x5e05f33ee330 51, 7 0, L_0x5e05f33fb5a0; 1 drivers
v0x5e05f33ee330_52 .net v0x5e05f33ee330 52, 7 0, L_0x5e05f33fb830; 1 drivers
v0x5e05f33ee330_53 .net v0x5e05f33ee330 53, 7 0, L_0x5e05f33fb900; 1 drivers
v0x5e05f33ee330_54 .net v0x5e05f33ee330 54, 7 0, L_0x5e05f33fbba0; 1 drivers
v0x5e05f33ee330_55 .net v0x5e05f33ee330 55, 7 0, L_0x5e05f33fbc70; 1 drivers
v0x5e05f33ee330_56 .net v0x5e05f33ee330 56, 7 0, L_0x5e05f33fbf20; 1 drivers
v0x5e05f33ee330_57 .net v0x5e05f33ee330 57, 7 0, L_0x5e05f33fbff0; 1 drivers
v0x5e05f33ee330_58 .net v0x5e05f33ee330 58, 7 0, L_0x5e05f33fc2b0; 1 drivers
v0x5e05f33ee330_59 .net v0x5e05f33ee330 59, 7 0, L_0x5e05f33fc380; 1 drivers
v0x5e05f33ee330_60 .net v0x5e05f33ee330 60, 7 0, L_0x5e05f33fc650; 1 drivers
v0x5e05f33ee330_61 .net v0x5e05f33ee330 61, 7 0, L_0x5e05f33fc720; 1 drivers
v0x5e05f33ee330_62 .net v0x5e05f33ee330 62, 7 0, L_0x5e05f33fca00; 1 drivers
v0x5e05f33ee330_63 .net v0x5e05f33ee330 63, 7 0, L_0x5e05f33fcad0; 1 drivers
v0x5e05f33ee330_64 .net v0x5e05f33ee330 64, 7 0, L_0x5e05f33fcdc0; 1 drivers
v0x5e05f33ee330_65 .net v0x5e05f33ee330 65, 7 0, L_0x5e05f33fce90; 1 drivers
v0x5e05f33ee330_66 .net v0x5e05f33ee330 66, 7 0, L_0x5e05f33fd190; 1 drivers
v0x5e05f33ee330_67 .net v0x5e05f33ee330 67, 7 0, L_0x5e05f33fd260; 1 drivers
v0x5e05f33ee330_68 .net v0x5e05f33ee330 68, 7 0, L_0x5e05f33fd570; 1 drivers
v0x5e05f33ee330_69 .net v0x5e05f33ee330 69, 7 0, L_0x5e05f33fd640; 1 drivers
v0x5e05f33ee330_70 .net v0x5e05f33ee330 70, 7 0, L_0x5e05f33fd960; 1 drivers
v0x5e05f33ee330_71 .net v0x5e05f33ee330 71, 7 0, L_0x5e05f33fda30; 1 drivers
v0x5e05f33ee330_72 .net v0x5e05f33ee330 72, 7 0, L_0x5e05f33fdd60; 1 drivers
v0x5e05f33ee330_73 .net v0x5e05f33ee330 73, 7 0, L_0x5e05f33fde30; 1 drivers
v0x5e05f33ee330_74 .net v0x5e05f33ee330 74, 7 0, L_0x5e05f33fe170; 1 drivers
v0x5e05f33ee330_75 .net v0x5e05f33ee330 75, 7 0, L_0x5e05f33fe240; 1 drivers
v0x5e05f33ee330_76 .net v0x5e05f33ee330 76, 7 0, L_0x5e05f33fe590; 1 drivers
v0x5e05f33ee330_77 .net v0x5e05f33ee330 77, 7 0, L_0x5e05f33fe660; 1 drivers
v0x5e05f33ee330_78 .net v0x5e05f33ee330 78, 7 0, L_0x5e05f33fe9c0; 1 drivers
v0x5e05f33ee330_79 .net v0x5e05f33ee330 79, 7 0, L_0x5e05f33fea90; 1 drivers
v0x5e05f33ee330_80 .net v0x5e05f33ee330 80, 7 0, L_0x5e05f33fee00; 1 drivers
v0x5e05f33ee330_81 .net v0x5e05f33ee330 81, 7 0, L_0x5e05f33feed0; 1 drivers
v0x5e05f33ee330_82 .net v0x5e05f33ee330 82, 7 0, L_0x5e05f33ff250; 1 drivers
v0x5e05f33ee330_83 .net v0x5e05f33ee330 83, 7 0, L_0x5e05f33ff320; 1 drivers
v0x5e05f33ee330_84 .net v0x5e05f33ee330 84, 7 0, L_0x5e05f33ff6b0; 1 drivers
v0x5e05f33ee330_85 .net v0x5e05f33ee330 85, 7 0, L_0x5e05f33ff780; 1 drivers
v0x5e05f33ee330_86 .net v0x5e05f33ee330 86, 7 0, L_0x5e05f33ffb20; 1 drivers
v0x5e05f33ee330_87 .net v0x5e05f33ee330 87, 7 0, L_0x5e05f33ffbf0; 1 drivers
v0x5e05f33ee330_88 .net v0x5e05f33ee330 88, 7 0, L_0x5e05f33fffa0; 1 drivers
v0x5e05f33ee330_89 .net v0x5e05f33ee330 89, 7 0, L_0x5e05f3400070; 1 drivers
v0x5e05f33ee330_90 .net v0x5e05f33ee330 90, 7 0, L_0x5e05f3400430; 1 drivers
v0x5e05f33ee330_91 .net v0x5e05f33ee330 91, 7 0, L_0x5e05f3400500; 1 drivers
v0x5e05f33ee330_92 .net v0x5e05f33ee330 92, 7 0, L_0x5e05f34008d0; 1 drivers
v0x5e05f33ee330_93 .net v0x5e05f33ee330 93, 7 0, L_0x5e05f34009a0; 1 drivers
v0x5e05f33ee330_94 .net v0x5e05f33ee330 94, 7 0, L_0x5e05f3400d80; 1 drivers
v0x5e05f33ee330_95 .net v0x5e05f33ee330 95, 7 0, L_0x5e05f3400e50; 1 drivers
v0x5e05f33ee330_96 .net v0x5e05f33ee330 96, 7 0, L_0x5e05f3401240; 1 drivers
v0x5e05f33ee330_97 .net v0x5e05f33ee330 97, 7 0, L_0x5e05f3401310; 1 drivers
v0x5e05f33ee330_98 .net v0x5e05f33ee330 98, 7 0, L_0x5e05f3401710; 1 drivers
v0x5e05f33ee330_99 .net v0x5e05f33ee330 99, 7 0, L_0x5e05f34017e0; 1 drivers
v0x5e05f33ee330_100 .net v0x5e05f33ee330 100, 7 0, L_0x5e05f3401bf0; 1 drivers
v0x5e05f33ee330_101 .net v0x5e05f33ee330 101, 7 0, L_0x5e05f3401cc0; 1 drivers
v0x5e05f33ee330_102 .net v0x5e05f33ee330 102, 7 0, L_0x5e05f34020e0; 1 drivers
v0x5e05f33ee330_103 .net v0x5e05f33ee330 103, 7 0, L_0x5e05f34021b0; 1 drivers
v0x5e05f33ee330_104 .net v0x5e05f33ee330 104, 7 0, L_0x5e05f34025e0; 1 drivers
v0x5e05f33ee330_105 .net v0x5e05f33ee330 105, 7 0, L_0x5e05f34026b0; 1 drivers
v0x5e05f33ee330_106 .net v0x5e05f33ee330 106, 7 0, L_0x5e05f3402af0; 1 drivers
v0x5e05f33ee330_107 .net v0x5e05f33ee330 107, 7 0, L_0x5e05f3402bc0; 1 drivers
v0x5e05f33ee330_108 .net v0x5e05f33ee330 108, 7 0, L_0x5e05f3403010; 1 drivers
v0x5e05f33ee330_109 .net v0x5e05f33ee330 109, 7 0, L_0x5e05f34030e0; 1 drivers
v0x5e05f33ee330_110 .net v0x5e05f33ee330 110, 7 0, L_0x5e05f3403540; 1 drivers
v0x5e05f33ee330_111 .net v0x5e05f33ee330 111, 7 0, L_0x5e05f3403610; 1 drivers
v0x5e05f33ee330_112 .net v0x5e05f33ee330 112, 7 0, L_0x5e05f3403a80; 1 drivers
v0x5e05f33ee330_113 .net v0x5e05f33ee330 113, 7 0, L_0x5e05f3403b50; 1 drivers
v0x5e05f33ee330_114 .net v0x5e05f33ee330 114, 7 0, L_0x5e05f3403fd0; 1 drivers
v0x5e05f33ee330_115 .net v0x5e05f33ee330 115, 7 0, L_0x5e05f34040a0; 1 drivers
v0x5e05f33ee330_116 .net v0x5e05f33ee330 116, 7 0, L_0x5e05f3404530; 1 drivers
v0x5e05f33ee330_117 .net v0x5e05f33ee330 117, 7 0, L_0x5e05f3404600; 1 drivers
v0x5e05f33ee330_118 .net v0x5e05f33ee330 118, 7 0, L_0x5e05f3404aa0; 1 drivers
v0x5e05f33ee330_119 .net v0x5e05f33ee330 119, 7 0, L_0x5e05f3404b70; 1 drivers
v0x5e05f33ee330_120 .net v0x5e05f33ee330 120, 7 0, L_0x5e05f3405020; 1 drivers
v0x5e05f33ee330_121 .net v0x5e05f33ee330 121, 7 0, L_0x5e05f34050f0; 1 drivers
v0x5e05f33ee330_122 .net v0x5e05f33ee330 122, 7 0, L_0x5e05f34055b0; 1 drivers
v0x5e05f33ee330_123 .net v0x5e05f33ee330 123, 7 0, L_0x5e05f3405680; 1 drivers
v0x5e05f33ee330_124 .net v0x5e05f33ee330 124, 7 0, L_0x5e05f33f8180; 1 drivers
v0x5e05f33ee330_125 .net v0x5e05f33ee330 125, 7 0, L_0x5e05f33f5ff0; 1 drivers
v0x5e05f33ee330_126 .net v0x5e05f33ee330 126, 7 0, L_0x5e05f33f64d0; 1 drivers
v0x5e05f33ee330_127 .net v0x5e05f33ee330 127, 7 0, L_0x5e05f33f65a0; 1 drivers
v0x5e05f33ef7e0_0 .var "matched_position", 6 0;
v0x5e05f33ef8d0_0 .var "matched_weight", 7 0;
v0x5e05f33ef9a0_0 .var "processing_done", 0 0;
v0x5e05f33efa40_0 .net "rst", 0 0, o0x7a37cf5a0408;  alias, 0 drivers
v0x5e05f33efb10_0 .net "valid_match", 0 0, o0x7a37cf5a2478;  alias, 0 drivers
S_0x5e05f33ecd40 .scope autofunction.vec4.s7, "count_ones_up_to" "count_ones_up_to" 5 40, 5 40 0, S_0x5e05f33ec9b0;
 .timescale 0 0;
v0x5e05f33ecf20_0 .var "bitmask", 127 0;
; Variable count_ones_up_to is vec4 return value of scope S_0x5e05f33ecd40
v0x5e05f33ed100_0 .var/i "i", 31 0;
v0x5e05f33ed1f0_0 .var "position", 6 0;
TD_tppe.fast_prefix_inst.count_ones_up_to ;
    %pushi/vec4 0, 0, 7;
    %ret/vec4 0, 0, 7;  Assign to count_ones_up_to (store_vec4_to_lval)
    %pushi/vec4 0, 0, 32;
    %store/vec4 v0x5e05f33ed100_0, 0, 32;
T_0.0 ;
    %load/vec4 v0x5e05f33ed100_0;
    %load/vec4 v0x5e05f33ed1f0_0;
    %pad/u 32;
    %cmp/u;
    %flag_or 5, 4;
    %jmp/0xz T_0.1, 5;
    %load/vec4 v0x5e05f33ecf20_0;
    %load/vec4 v0x5e05f33ed100_0;
    %part/s 1;
    %flag_set/vec4 8;
    %jmp/0xz  T_0.2, 8;
    %retload/vec4 0; Load count_ones_up_to (draw_signal_vec4)
    %addi 1, 0, 7;
    %ret/vec4 0, 0, 7;  Assign to count_ones_up_to (store_vec4_to_lval)
T_0.2 ;
    %load/vec4 v0x5e05f33ed100_0;
    %addi 1, 0, 32;
    %store/vec4 v0x5e05f33ed100_0, 0, 32;
    %jmp T_0.0;
T_0.1 ;
    %end;
S_0x5e05f33ed2d0 .scope autofunction.vec4.s7, "find_lowest_one" "find_lowest_one" 5 23, 5 23 0, S_0x5e05f33ec9b0;
 .timescale 0 0;
; Variable find_lowest_one is vec4 return value of scope S_0x5e05f33ed2d0
v0x5e05f33ed5b0_0 .var "found", 0 0;
v0x5e05f33ed670_0 .var/i "i", 31 0;
v0x5e05f33ed760_0 .var "value", 127 0;
TD_tppe.fast_prefix_inst.find_lowest_one ;
    %pushi/vec4 0, 0, 1;
    %store/vec4 v0x5e05f33ed5b0_0, 0, 1;
    %pushi/vec4 0, 0, 7;
    %ret/vec4 0, 0, 7;  Assign to find_lowest_one (store_vec4_to_lval)
    %pushi/vec4 0, 0, 32;
    %store/vec4 v0x5e05f33ed670_0, 0, 32;
T_1.4 ;
    %load/vec4 v0x5e05f33ed670_0;
    %cmpi/s 128, 0, 32;
    %jmp/0xz T_1.5, 5;
    %load/vec4 v0x5e05f33ed760_0;
    %load/vec4 v0x5e05f33ed670_0;
    %part/s 1;
    %flag_set/vec4 9;
    %flag_get/vec4 9;
    %jmp/0 T_1.8, 9;
    %load/vec4 v0x5e05f33ed5b0_0;
    %nor/r;
    %and;
T_1.8;
    %flag_set/vec4 8;
    %jmp/0xz  T_1.6, 8;
    %load/vec4 v0x5e05f33ed670_0;
    %pad/s 7;
    %ret/vec4 0, 0, 7;  Assign to find_lowest_one (store_vec4_to_lval)
    %pushi/vec4 1, 0, 1;
    %store/vec4 v0x5e05f33ed5b0_0, 0, 1;
T_1.6 ;
    %load/vec4 v0x5e05f33ed670_0;
    %addi 1, 0, 32;
    %store/vec4 v0x5e05f33ed670_0, 0, 32;
    %jmp T_1.4;
T_1.5 ;
    %end;
S_0x5e05f33ed840 .scope autofunction.vec4.s7, "get_offset" "get_offset" 5 53, 5 53 0, S_0x5e05f33ec9b0;
 .timescale 0 0;
v0x5e05f33eda50_0 .var "bitmask_b", 127 0;
; Variable get_offset is vec4 return value of scope S_0x5e05f33ed840
v0x5e05f33edc10_0 .var "position", 6 0;
TD_tppe.fast_prefix_inst.get_offset ;
    %alloc S_0x5e05f33ecd40;
    %load/vec4 v0x5e05f33eda50_0;
    %load/vec4 v0x5e05f33edc10_0;
    %store/vec4 v0x5e05f33ed1f0_0, 0, 7;
    %store/vec4 v0x5e05f33ecf20_0, 0, 128;
    %callf/vec4 TD_tppe.fast_prefix_inst.count_ones_up_to, S_0x5e05f33ecd40;
    %free S_0x5e05f33ecd40;
    %subi 1, 0, 7;
    %ret/vec4 0, 0, 7;  Assign to get_offset (store_vec4_to_lval)
    %end;
S_0x5e05f33efd70 .scope module, "laggy_prefix_inst" "laggy_prefix" 3 88, 6 1 0, S_0x5e05f3388b00;
 .timescale 0 0;
    .port_info 0 /INPUT 1 "clk";
    .port_info 1 /INPUT 1 "rst";
    .port_info 2 /INPUT 128 "and_result";
    .port_info 3 /INPUT 128 "bitmask_a";
    .port_info 4 /INPUT 7 "matched_position";
    .port_info 5 /INPUT 8 "matched_weight";
    .port_info 6 /INPUT 1 "valid_match";
    .port_info 7 /INPUT 1 "fifo_mp_read_en";
    .port_info 8 /INPUT 1 "fifo_weight_read_en";
    .port_info 9 /OUTPUT 7 "slow_offset";
    .port_info 10 /OUTPUT 7 "current_position";
    .port_info 11 /OUTPUT 8 "current_weight";
    .port_info 12 /OUTPUT 1 "slow_valid";
    .port_info 13 /OUTPUT 1 "ready_for_new_calc";
    .port_info 14 /OUTPUT 1 "fifo_mp_empty";
    .port_info 15 /OUTPUT 1 "fifo_mp_full";
    .port_info 16 /OUTPUT 1 "fifo_weight_empty";
    .port_info 17 /OUTPUT 1 "fifo_weight_full";
P_0x5e05f33eff30 .param/l "BITMASK_WIDTH" 0 6 2, +C4<00000000000000000000000010000000>;
P_0x5e05f33eff70 .param/l "CHUNK_SIZE" 0 6 6, +C4<00000000000000000000000000001000>;
P_0x5e05f33effb0 .param/l "FIFO_DEPTH" 0 6 5, +C4<00000000000000000000000000001000>;
P_0x5e05f33efff0 .param/l "NUM_ADDERS" 0 6 3, +C4<00000000000000000000000000010000>;
P_0x5e05f33f0030 .param/l "WEIGHT_WIDTH" 0 6 4, +C4<00000000000000000000000000001000>;
L_0x5e05f3405750 .functor AND 1, v0x5e05f33ee290_0, L_0x5e05f33f8560, C4<1>, C4<1>;
L_0x5e05f3405860 .functor AND 1, L_0x5e05f3405750, L_0x5e05f34057c0, C4<1>, C4<1>;
L_0x5e05f3405920 .functor OR 1, L_0x5e05f3405c30, v0x5e05f33f30c0_0, C4<0>, C4<0>;
L_0x5e05f34059e0 .functor OR 1, L_0x5e05f33f67a0, v0x5e05f33f30c0_0, C4<0>, C4<0>;
v0x5e05f33f2890_0 .net *"_ivl_1", 0 0, L_0x5e05f33f8560;  1 drivers
v0x5e05f33f2970_0 .net *"_ivl_3", 0 0, L_0x5e05f3405750;  1 drivers
v0x5e05f33f2a30_0 .net *"_ivl_5", 0 0, L_0x5e05f34057c0;  1 drivers
v0x5e05f33f2b00 .array "adder_results", 0 15, 6 0;
v0x5e05f33f2bc0_0 .net "and_result", 127 0, L_0x5e05f33c1d10;  alias, 1 drivers
v0x5e05f33f2c80_0 .net "bitmask_a", 127 0, o0x7a37cf5a2da8;  alias, 0 drivers
v0x5e05f33f2d40_0 .net "clk", 0 0, o0x7a37cf5a0018;  alias, 0 drivers
v0x5e05f33f2e70_0 .var "current_position", 6 0;
v0x5e05f33f2f60_0 .var "current_weight", 7 0;
v0x5e05f33f30c0_0 .var "fifo_internal_read_en", 0 0;
v0x5e05f33f3160_0 .net "fifo_mp_empty", 0 0, v0x5e05f33f1310_0;  alias, 1 drivers
v0x5e05f33f3230_0 .net "fifo_mp_full", 0 0, v0x5e05f33f13d0_0;  alias, 1 drivers
v0x5e05f33f3300_0 .net "fifo_mp_out", 6 0, v0x5e05f33f1250_0;  1 drivers
v0x5e05f33f33d0_0 .net "fifo_mp_read_en", 0 0, L_0x5e05f3405c30;  alias, 1 drivers
v0x5e05f33f3470_0 .net "fifo_weight_empty", 0 0, v0x5e05f33f2160_0;  alias, 1 drivers
v0x5e05f33f3540_0 .net "fifo_weight_full", 0 0, v0x5e05f33f2220_0;  alias, 1 drivers
v0x5e05f33f3610_0 .net "fifo_weight_out", 7 0, v0x5e05f33f20a0_0;  1 drivers
v0x5e05f33f37f0_0 .net "fifo_weight_read_en", 0 0, L_0x5e05f33f67a0;  alias, 1 drivers
v0x5e05f33f3890_0 .net "fifo_write_en", 0 0, L_0x5e05f3405860;  1 drivers
v0x5e05f33f3930_0 .var/i "i", 31 0;
v0x5e05f33f39d0_0 .var/i "j", 31 0;
v0x5e05f33f3ab0_0 .net "matched_position", 6 0, v0x5e05f33ef7e0_0;  alias, 1 drivers
v0x5e05f33f3b70_0 .net "matched_weight", 7 0, v0x5e05f33ef8d0_0;  alias, 1 drivers
v0x5e05f33f3c30_0 .var "processing", 0 0;
v0x5e05f33f3cf0_0 .var "ready_for_new_calc", 0 0;
v0x5e05f33f3d90_0 .net "rst", 0 0, o0x7a37cf5a0408;  alias, 0 drivers
v0x5e05f33f3e30_0 .var "slow_counter", 2 0;
v0x5e05f33f3ef0_0 .var "slow_offset", 6 0;
v0x5e05f33f3fe0_0 .var "slow_valid", 0 0;
v0x5e05f33f40b0_0 .var "temp_vector", 127 0;
v0x5e05f33f4150_0 .net "valid_match", 0 0, v0x5e05f33ee290_0;  alias, 1 drivers
L_0x5e05f33f8560 .reduce/nor v0x5e05f33f13d0_0;
L_0x5e05f34057c0 .reduce/nor v0x5e05f33f2220_0;
S_0x5e05f33f0560 .scope autofunction.vec4.s7, "count_ones_in_range" "count_ones_in_range" 6 76, 6 76 0, S_0x5e05f33efd70;
 .timescale 0 0;
; Variable count_ones_in_range is vec4 return value of scope S_0x5e05f33f0560
v0x5e05f33f0840_0 .var/i "end_pos", 31 0;
v0x5e05f33f0920_0 .var/i "i", 31 0;
v0x5e05f33f0a10_0 .var/i "start_pos", 31 0;
v0x5e05f33f0af0_0 .var "vector", 127 0;
TD_tppe.laggy_prefix_inst.count_ones_in_range ;
    %pushi/vec4 0, 0, 7;
    %ret/vec4 0, 0, 7;  Assign to count_ones_in_range (store_vec4_to_lval)
    %load/vec4 v0x5e05f33f0a10_0;
    %store/vec4 v0x5e05f33f0920_0, 0, 32;
T_3.9 ;
    %load/vec4 v0x5e05f33f0920_0;
    %load/vec4 v0x5e05f33f0840_0;
    %cmp/s;
    %flag_or 5, 4;
    %flag_get/vec4 5;
    %jmp/0 T_3.11, 5;
    %load/vec4 v0x5e05f33f0920_0;
    %cmpi/s 128, 0, 32;
    %flag_get/vec4 5;
    %and;
T_3.11;
    %flag_set/vec4 8;
    %jmp/0xz T_3.10, 8;
    %load/vec4 v0x5e05f33f0af0_0;
    %load/vec4 v0x5e05f33f0920_0;
    %part/s 1;
    %flag_set/vec4 8;
    %jmp/0xz  T_3.12, 8;
    %retload/vec4 0; Load count_ones_in_range (draw_signal_vec4)
    %addi 1, 0, 7;
    %ret/vec4 0, 0, 7;  Assign to count_ones_in_range (store_vec4_to_lval)
T_3.12 ;
    %load/vec4 v0x5e05f33f0920_0;
    %addi 1, 0, 32;
    %store/vec4 v0x5e05f33f0920_0, 0, 32;
    %jmp T_3.9;
T_3.10 ;
    %end;
S_0x5e05f33f0c20 .scope module, "matched_pos_fifo" "fifo" 6 49, 6 215 0, S_0x5e05f33efd70;
 .timescale 0 0;
    .port_info 0 /INPUT 1 "clk";
    .port_info 1 /INPUT 1 "rst";
    .port_info 2 /INPUT 1 "write_en";
    .port_info 3 /INPUT 1 "read_en";
    .port_info 4 /INPUT 7 "data_in";
    .port_info 5 /OUTPUT 7 "data_out";
    .port_info 6 /OUTPUT 1 "full";
    .port_info 7 /OUTPUT 1 "empty";
P_0x5e05f33cbd60 .param/l "DEPTH" 0 6 217, +C4<00000000000000000000000000001000>;
P_0x5e05f33cbda0 .param/l "WIDTH" 0 6 216, +C4<00000000000000000000000000000111>;
v0x5e05f33f1030_0 .net "clk", 0 0, o0x7a37cf5a0018;  alias, 0 drivers
v0x5e05f33f1140_0 .net "data_in", 6 0, v0x5e05f33ef7e0_0;  alias, 1 drivers
v0x5e05f33f1250_0 .var "data_out", 6 0;
v0x5e05f33f1310_0 .var "empty", 0 0;
v0x5e05f33f13d0_0 .var "full", 0 0;
v0x5e05f33f14e0 .array "memory", 0 7, 6 0;
v0x5e05f33f15a0_0 .net "read_en", 0 0, L_0x5e05f3405920;  1 drivers
v0x5e05f33f1660_0 .var "read_ptr", 3 0;
v0x5e05f33f1740_0 .net "rst", 0 0, o0x7a37cf5a0408;  alias, 0 drivers
v0x5e05f33f17e0_0 .net "write_en", 0 0, L_0x5e05f3405860;  alias, 1 drivers
v0x5e05f33f18a0_0 .var "write_ptr", 3 0;
E_0x5e05f3372850 .event anyedge, v0x5e05f33f18a0_0, v0x5e05f33f1660_0;
S_0x5e05f33f1ad0 .scope module, "weight_fifo" "fifo" 6 64, 6 215 0, S_0x5e05f33efd70;
 .timescale 0 0;
    .port_info 0 /INPUT 1 "clk";
    .port_info 1 /INPUT 1 "rst";
    .port_info 2 /INPUT 1 "write_en";
    .port_info 3 /INPUT 1 "read_en";
    .port_info 4 /INPUT 8 "data_in";
    .port_info 5 /OUTPUT 8 "data_out";
    .port_info 6 /OUTPUT 1 "full";
    .port_info 7 /OUTPUT 1 "empty";
P_0x5e05f33cc100 .param/l "DEPTH" 0 6 217, +C4<00000000000000000000000000001000>;
P_0x5e05f33cc140 .param/l "WIDTH" 0 6 216, +C4<00000000000000000000000000001000>;
v0x5e05f33f1ed0_0 .net "clk", 0 0, o0x7a37cf5a0018;  alias, 0 drivers
v0x5e05f33f1f90_0 .net "data_in", 7 0, v0x5e05f33ef8d0_0;  alias, 1 drivers
v0x5e05f33f20a0_0 .var "data_out", 7 0;
v0x5e05f33f2160_0 .var "empty", 0 0;
v0x5e05f33f2220_0 .var "full", 0 0;
v0x5e05f33f2330 .array "memory", 0 7, 7 0;
v0x5e05f33f23f0_0 .net "read_en", 0 0, L_0x5e05f34059e0;  1 drivers
v0x5e05f33f24b0_0 .var "read_ptr", 3 0;
v0x5e05f33f2590_0 .net "rst", 0 0, o0x7a37cf5a0408;  alias, 0 drivers
v0x5e05f33f2630_0 .net "write_en", 0 0, L_0x5e05f3405860;  alias, 1 drivers
v0x5e05f33f26d0_0 .var "write_ptr", 3 0;
E_0x5e05f33777e0 .event anyedge, v0x5e05f33f26d0_0, v0x5e05f33f24b0_0;
    .scope S_0x5e05f33ec9b0;
T_4 ;
    %wait E_0x5e05f33725a0;
    %load/vec4 v0x5e05f33efa40_0;
    %flag_set/vec4 8;
    %jmp/0xz  T_4.0, 8;
    %pushi/vec4 0, 0, 128;
    %assign/vec4 v0x5e05f33edfe0_0, 0;
    %pushi/vec4 0, 0, 7;
    %assign/vec4 v0x5e05f33ee080_0, 0;
    %pushi/vec4 0, 0, 7;
    %assign/vec4 v0x5e05f33ee1b0_0, 0;
    %pushi/vec4 0, 0, 7;
    %assign/vec4 v0x5e05f33ef7e0_0, 0;
    %pushi/vec4 0, 0, 8;
    %assign/vec4 v0x5e05f33ef8d0_0, 0;
    %pushi/vec4 0, 0, 1;
    %assign/vec4 v0x5e05f33ee290_0, 0;
    %pushi/vec4 1, 0, 1;
    %assign/vec4 v0x5e05f33ef9a0_0, 0;
    %vpi_call/w 5 71 "$display", "Reset occurred" {0 0 0};
    %jmp T_4.1;
T_4.0 ;
    %load/vec4 v0x5e05f33efb10_0;
    %flag_set/vec4 9;
    %flag_get/vec4 9;
    %jmp/0 T_4.4, 9;
    %load/vec4 v0x5e05f33ef9a0_0;
    %and;
T_4.4;
    %flag_set/vec4 8;
    %jmp/0xz  T_4.2, 8;
    %load/vec4 v0x5e05f33edd00_0;
    %assign/vec4 v0x5e05f33edfe0_0, 0;
    %pushi/vec4 0, 0, 1;
    %assign/vec4 v0x5e05f33ef9a0_0, 0;
    %pushi/vec4 0, 0, 1;
    %assign/vec4 v0x5e05f33ee290_0, 0;
    %vpi_call/w 5 78 "$display", "Starting new processing with and_result=%b", v0x5e05f33edd00_0 {0 0 0};
    %jmp T_4.3;
T_4.2 ;
    %load/vec4 v0x5e05f33ef9a0_0;
    %nor/r;
    %flag_set/vec4 9;
    %flag_get/vec4 9;
    %jmp/0 T_4.7, 9;
    %load/vec4 v0x5e05f33edfe0_0;
    %pushi/vec4 0, 0, 128;
    %cmp/ne;
    %flag_get/vec4 4;
    %and;
T_4.7;
    %flag_set/vec4 8;
    %jmp/0xz  T_4.5, 8;
    %alloc S_0x5e05f33ed2d0;
    %load/vec4 v0x5e05f33edfe0_0;
    %store/vec4 v0x5e05f33ed760_0, 0, 128;
    %callf/vec4 TD_tppe.fast_prefix_inst.find_lowest_one, S_0x5e05f33ed2d0;
    %free S_0x5e05f33ed2d0;
    %store/vec4 v0x5e05f33ee080_0, 0, 7;
    %load/vec4 v0x5e05f33ee080_0;
    %assign/vec4 v0x5e05f33ef7e0_0, 0;
    %alloc S_0x5e05f33ed840;
    %load/vec4 v0x5e05f33ede00_0;
    %load/vec4 v0x5e05f33ee080_0;
    %store/vec4 v0x5e05f33edc10_0, 0, 7;
    %store/vec4 v0x5e05f33eda50_0, 0, 128;
    %callf/vec4 TD_tppe.fast_prefix_inst.get_offset, S_0x5e05f33ed840;
    %free S_0x5e05f33ed840;
    %assign/vec4 v0x5e05f33ee1b0_0, 0;
    %load/vec4 v0x5e05f33ee080_0;
    %pad/u 9;
    %ix/vec4 4;
    %load/vec4a v0x5e05f33ee330, 4;
    %assign/vec4 v0x5e05f33ef8d0_0, 0;
    %pushi/vec4 1, 0, 1;
    %assign/vec4 v0x5e05f33ee290_0, 0;
    %load/vec4 v0x5e05f33edfe0_0;
    %pushi/vec4 1, 0, 128;
    %ix/getv 4, v0x5e05f33ee080_0;
    %shiftl 4;
    %inv;
    %and;
    %assign/vec4 v0x5e05f33edfe0_0, 0;
    %alloc S_0x5e05f33ed840;
    %load/vec4 v0x5e05f33ede00_0;
    %load/vec4 v0x5e05f33ee080_0;
    %store/vec4 v0x5e05f33edc10_0, 0, 7;
    %store/vec4 v0x5e05f33eda50_0, 0, 128;
    %callf/vec4 TD_tppe.fast_prefix_inst.get_offset, S_0x5e05f33ed840;
    %free S_0x5e05f33ed840;
    %load/vec4 v0x5e05f33ee080_0;
    %pad/u 9;
    %ix/vec4 4;
    %load/vec4a v0x5e05f33ee330, 4;
    %vpi_call/w 5 93 "$display", "Processing match at position %0d, offset=%0d, weight=%0d", v0x5e05f33ee080_0, S<1,vec4,u7>, S<0,vec4,u8> {2 0 0};
    %jmp T_4.6;
T_4.5 ;
    %load/vec4 v0x5e05f33ef9a0_0;
    %nor/r;
    %flag_set/vec4 9;
    %flag_get/vec4 9;
    %jmp/0 T_4.10, 9;
    %load/vec4 v0x5e05f33edfe0_0;
    %pushi/vec4 0, 0, 128;
    %cmp/e;
    %flag_get/vec4 4;
    %and;
T_4.10;
    %flag_set/vec4 8;
    %jmp/0xz  T_4.8, 8;
    %pushi/vec4 1, 0, 1;
    %assign/vec4 v0x5e05f33ef9a0_0, 0;
    %pushi/vec4 0, 0, 1;
    %assign/vec4 v0x5e05f33ee290_0, 0;
    %vpi_call/w 5 100 "$display", "Completed processing" {0 0 0};
T_4.8 ;
T_4.6 ;
T_4.3 ;
T_4.1 ;
    %jmp T_4;
    .thread T_4;
    .scope S_0x5e05f33f0c20;
T_5 ;
    %wait E_0x5e05f3372850;
    %load/vec4 v0x5e05f33f18a0_0;
    %load/vec4 v0x5e05f33f1660_0;
    %cmp/e;
    %flag_get/vec4 4;
    %store/vec4 v0x5e05f33f1310_0, 0, 1;
    %load/vec4 v0x5e05f33f18a0_0;
    %parti/s 1, 3, 3;
    %load/vec4 v0x5e05f33f1660_0;
    %parti/s 1, 3, 3;
    %cmp/ne;
    %flag_get/vec4 4;
    %jmp/0 T_5.0, 4;
    %load/vec4 v0x5e05f33f18a0_0;
    %parti/s 3, 0, 2;
    %load/vec4 v0x5e05f33f1660_0;
    %parti/s 3, 0, 2;
    %cmp/e;
    %flag_get/vec4 4;
    %and;
T_5.0;
    %store/vec4 v0x5e05f33f13d0_0, 0, 1;
    %jmp T_5;
    .thread T_5, $push;
    .scope S_0x5e05f33f0c20;
T_6 ;
    %wait E_0x5e05f33725a0;
    %load/vec4 v0x5e05f33f1740_0;
    %flag_set/vec4 8;
    %jmp/0xz  T_6.0, 8;
    %pushi/vec4 0, 0, 4;
    %assign/vec4 v0x5e05f33f18a0_0, 0;
    %jmp T_6.1;
T_6.0 ;
    %load/vec4 v0x5e05f33f17e0_0;
    %flag_set/vec4 9;
    %flag_get/vec4 9;
    %jmp/0 T_6.4, 9;
    %load/vec4 v0x5e05f33f13d0_0;
    %nor/r;
    %and;
T_6.4;
    %flag_set/vec4 8;
    %jmp/0xz  T_6.2, 8;
    %load/vec4 v0x5e05f33f1140_0;
    %load/vec4 v0x5e05f33f18a0_0;
    %parti/s 3, 0, 2;
    %pad/u 5;
    %ix/vec4 3;
    %ix/load 4, 0, 0; Constant delay
    %assign/vec4/a/d v0x5e05f33f14e0, 0, 4;
    %load/vec4 v0x5e05f33f18a0_0;
    %addi 1, 0, 4;
    %assign/vec4 v0x5e05f33f18a0_0, 0;
T_6.2 ;
T_6.1 ;
    %jmp T_6;
    .thread T_6;
    .scope S_0x5e05f33f0c20;
T_7 ;
    %wait E_0x5e05f33725a0;
    %load/vec4 v0x5e05f33f1740_0;
    %flag_set/vec4 8;
    %jmp/0xz  T_7.0, 8;
    %pushi/vec4 0, 0, 4;
    %assign/vec4 v0x5e05f33f1660_0, 0;
    %pushi/vec4 0, 0, 7;
    %assign/vec4 v0x5e05f33f1250_0, 0;
    %jmp T_7.1;
T_7.0 ;
    %load/vec4 v0x5e05f33f15a0_0;
    %flag_set/vec4 9;
    %flag_get/vec4 9;
    %jmp/0 T_7.4, 9;
    %load/vec4 v0x5e05f33f1310_0;
    %nor/r;
    %and;
T_7.4;
    %flag_set/vec4 8;
    %jmp/0xz  T_7.2, 8;
    %load/vec4 v0x5e05f33f1660_0;
    %parti/s 3, 0, 2;
    %pad/u 5;
    %ix/vec4 4;
    %load/vec4a v0x5e05f33f14e0, 4;
    %assign/vec4 v0x5e05f33f1250_0, 0;
    %load/vec4 v0x5e05f33f1660_0;
    %addi 1, 0, 4;
    %assign/vec4 v0x5e05f33f1660_0, 0;
T_7.2 ;
T_7.1 ;
    %jmp T_7;
    .thread T_7;
    .scope S_0x5e05f33f1ad0;
T_8 ;
    %wait E_0x5e05f33777e0;
    %load/vec4 v0x5e05f33f26d0_0;
    %load/vec4 v0x5e05f33f24b0_0;
    %cmp/e;
    %flag_get/vec4 4;
    %store/vec4 v0x5e05f33f2160_0, 0, 1;
    %load/vec4 v0x5e05f33f26d0_0;
    %parti/s 1, 3, 3;
    %load/vec4 v0x5e05f33f24b0_0;
    %parti/s 1, 3, 3;
    %cmp/ne;
    %flag_get/vec4 4;
    %jmp/0 T_8.0, 4;
    %load/vec4 v0x5e05f33f26d0_0;
    %parti/s 3, 0, 2;
    %load/vec4 v0x5e05f33f24b0_0;
    %parti/s 3, 0, 2;
    %cmp/e;
    %flag_get/vec4 4;
    %and;
T_8.0;
    %store/vec4 v0x5e05f33f2220_0, 0, 1;
    %jmp T_8;
    .thread T_8, $push;
    .scope S_0x5e05f33f1ad0;
T_9 ;
    %wait E_0x5e05f33725a0;
    %load/vec4 v0x5e05f33f2590_0;
    %flag_set/vec4 8;
    %jmp/0xz  T_9.0, 8;
    %pushi/vec4 0, 0, 4;
    %assign/vec4 v0x5e05f33f26d0_0, 0;
    %jmp T_9.1;
T_9.0 ;
    %load/vec4 v0x5e05f33f2630_0;
    %flag_set/vec4 9;
    %flag_get/vec4 9;
    %jmp/0 T_9.4, 9;
    %load/vec4 v0x5e05f33f2220_0;
    %nor/r;
    %and;
T_9.4;
    %flag_set/vec4 8;
    %jmp/0xz  T_9.2, 8;
    %load/vec4 v0x5e05f33f1f90_0;
    %load/vec4 v0x5e05f33f26d0_0;
    %parti/s 3, 0, 2;
    %pad/u 5;
    %ix/vec4 3;
    %ix/load 4, 0, 0; Constant delay
    %assign/vec4/a/d v0x5e05f33f2330, 0, 4;
    %load/vec4 v0x5e05f33f26d0_0;
    %addi 1, 0, 4;
    %assign/vec4 v0x5e05f33f26d0_0, 0;
T_9.2 ;
T_9.1 ;
    %jmp T_9;
    .thread T_9;
    .scope S_0x5e05f33f1ad0;
T_10 ;
    %wait E_0x5e05f33725a0;
    %load/vec4 v0x5e05f33f2590_0;
    %flag_set/vec4 8;
    %jmp/0xz  T_10.0, 8;
    %pushi/vec4 0, 0, 4;
    %assign/vec4 v0x5e05f33f24b0_0, 0;
    %pushi/vec4 0, 0, 8;
    %assign/vec4 v0x5e05f33f20a0_0, 0;
    %jmp T_10.1;
T_10.0 ;
    %load/vec4 v0x5e05f33f23f0_0;
    %flag_set/vec4 9;
    %flag_get/vec4 9;
    %jmp/0 T_10.4, 9;
    %load/vec4 v0x5e05f33f2160_0;
    %nor/r;
    %and;
T_10.4;
    %flag_set/vec4 8;
    %jmp/0xz  T_10.2, 8;
    %load/vec4 v0x5e05f33f24b0_0;
    %parti/s 3, 0, 2;
    %pad/u 5;
    %ix/vec4 4;
    %load/vec4a v0x5e05f33f2330, 4;
    %assign/vec4 v0x5e05f33f20a0_0, 0;
    %load/vec4 v0x5e05f33f24b0_0;
    %addi 1, 0, 4;
    %assign/vec4 v0x5e05f33f24b0_0, 0;
T_10.2 ;
T_10.1 ;
    %jmp T_10;
    .thread T_10;
    .scope S_0x5e05f33efd70;
T_11 ;
    %wait E_0x5e05f33725a0;
    %load/vec4 v0x5e05f33f3d90_0;
    %flag_set/vec4 8;
    %jmp/0xz  T_11.0, 8;
    %pushi/vec4 0, 0, 3;
    %assign/vec4 v0x5e05f33f3e30_0, 0;
    %pushi/vec4 0, 0, 7;
    %assign/vec4 v0x5e05f33f3ef0_0, 0;
    %pushi/vec4 0, 0, 1;
    %assign/vec4 v0x5e05f33f3fe0_0, 0;
    %pushi/vec4 0, 0, 1;
    %assign/vec4 v0x5e05f33f3c30_0, 0;
    %pushi/vec4 0, 0, 1;
    %assign/vec4 v0x5e05f33f30c0_0, 0;
    %pushi/vec4 1, 0, 1;
    %assign/vec4 v0x5e05f33f3cf0_0, 0;
    %pushi/vec4 0, 0, 7;
    %assign/vec4 v0x5e05f33f2e70_0, 0;
    %pushi/vec4 0, 0, 8;
    %assign/vec4 v0x5e05f33f2f60_0, 0;
    %pushi/vec4 0, 0, 128;
    %assign/vec4 v0x5e05f33f40b0_0, 0;
    %pushi/vec4 0, 0, 32;
    %store/vec4 v0x5e05f33f3930_0, 0, 32;
T_11.2 ;
    %load/vec4 v0x5e05f33f3930_0;
    %cmpi/s 16, 0, 32;
    %jmp/0xz T_11.3, 5;
    %pushi/vec4 0, 0, 7;
    %ix/getv/s 3, v0x5e05f33f3930_0;
    %ix/load 4, 0, 0; Constant delay
    %assign/vec4/a/d v0x5e05f33f2b00, 0, 4;
    %load/vec4 v0x5e05f33f3930_0;
    %addi 1, 0, 32;
    %store/vec4 v0x5e05f33f3930_0, 0, 32;
    %jmp T_11.2;
T_11.3 ;
    %vpi_call/w 6 108 "$display", "Laggy prefix reset" {0 0 0};
    %jmp T_11.1;
T_11.0 ;
    %pushi/vec4 0, 0, 1;
    %assign/vec4 v0x5e05f33f30c0_0, 0;
    %pushi/vec4 0, 0, 1;
    %assign/vec4 v0x5e05f33f3fe0_0, 0;
    %load/vec4 v0x5e05f33f3c30_0;
    %nor/r;
    %flag_set/vec4 11;
    %flag_get/vec4 11;
    %jmp/0 T_11.8, 11;
    %load/vec4 v0x5e05f33f3160_0;
    %nor/r;
    %and;
T_11.8;
    %flag_set/vec4 10;
    %flag_get/vec4 10;
    %jmp/0 T_11.7, 10;
    %load/vec4 v0x5e05f33f3470_0;
    %nor/r;
    %and;
T_11.7;
    %flag_set/vec4 9;
    %flag_get/vec4 9;
    %jmp/0 T_11.6, 9;
    %load/vec4 v0x5e05f33f3cf0_0;
    %and;
T_11.6;
    %flag_set/vec4 8;
    %jmp/0xz  T_11.4, 8;
    %pushi/vec4 1, 0, 1;
    %assign/vec4 v0x5e05f33f30c0_0, 0;
    %pushi/vec4 0, 0, 1;
    %assign/vec4 v0x5e05f33f3cf0_0, 0;
    %vpi_call/w 6 120 "$display", "Laggy prefix: internally popping from FIFOs at time %0t", $time {0 0 0};
    %jmp T_11.5;
T_11.4 ;
    %load/vec4 v0x5e05f33f30c0_0;
    %flag_set/vec4 8;
    %jmp/0xz  T_11.9, 8;
    %load/vec4 v0x5e05f33f3300_0;
    %assign/vec4 v0x5e05f33f2e70_0, 0;
    %load/vec4 v0x5e05f33f3610_0;
    %assign/vec4 v0x5e05f33f2f60_0, 0;
    %vpi_call/w 6 127 "$display", "Laggy prefix: popped position=%0d, weight=%0h", v0x5e05f33f3300_0, v0x5e05f33f3610_0 {0 0 0};
    %pushi/vec4 0, 0, 3;
    %assign/vec4 v0x5e05f33f3e30_0, 0;
    %pushi/vec4 1, 0, 1;
    %assign/vec4 v0x5e05f33f3c30_0, 0;
    %load/vec4 v0x5e05f33f2c80_0;
    %assign/vec4 v0x5e05f33f40b0_0, 0;
    %pushi/vec4 0, 0, 32;
    %store/vec4 v0x5e05f33f3930_0, 0, 32;
T_11.11 ;
    %load/vec4 v0x5e05f33f3930_0;
    %cmpi/s 16, 0, 32;
    %jmp/0xz T_11.12, 5;
    %load/vec4 v0x5e05f33f3930_0;
    %muli 8, 0, 32;
    %store/vec4 v0x5e05f33f39d0_0, 0, 32;
    %load/vec4 v0x5e05f33f3300_0;
    %pad/u 32;
    %load/vec4 v0x5e05f33f39d0_0;
    %cmp/u;
    %jmp/0xz  T_11.13, 5;
    %pushi/vec4 0, 0, 7;
    %ix/getv/s 3, v0x5e05f33f3930_0;
    %ix/load 4, 0, 0; Constant delay
    %assign/vec4/a/d v0x5e05f33f2b00, 0, 4;
    %load/vec4 v0x5e05f33f39d0_0;
    %subi 4294967289, 0, 32;
    %vpi_call/w 6 141 "$display", "Chunk %0d (%0d to %0d): not counting (past matched_position)", v0x5e05f33f3930_0, v0x5e05f33f39d0_0, S<0,vec4,s32> {1 0 0};
    %jmp T_11.14;
T_11.13 ;
    %load/vec4 v0x5e05f33f39d0_0;
    %subi 4294967289, 0, 32;
    %load/vec4 v0x5e05f33f3300_0;
    %pad/u 32;
    %cmp/u;
    %flag_or 5, 4;
    %jmp/0xz  T_11.15, 5;
    %alloc S_0x5e05f33f0560;
    %load/vec4 v0x5e05f33f2c80_0;
    %load/vec4 v0x5e05f33f39d0_0;
    %load/vec4 v0x5e05f33f39d0_0;
    %subi 4294967289, 0, 32;
    %store/vec4 v0x5e05f33f0840_0, 0, 32;
    %store/vec4 v0x5e05f33f0a10_0, 0, 32;
    %store/vec4 v0x5e05f33f0af0_0, 0, 128;
    %callf/vec4 TD_tppe.laggy_prefix_inst.count_ones_in_range, S_0x5e05f33f0560;
    %free S_0x5e05f33f0560;
    %ix/getv/s 3, v0x5e05f33f3930_0;
    %ix/load 4, 0, 0; Constant delay
    %assign/vec4/a/d v0x5e05f33f2b00, 0, 4;
    %load/vec4 v0x5e05f33f39d0_0;
    %subi 4294967289, 0, 32;
    %vpi_call/w 6 147 "$display", "Chunk %0d (%0d to %0d): counting all", v0x5e05f33f3930_0, v0x5e05f33f39d0_0, S<0,vec4,s32> {1 0 0};
    %jmp T_11.16;
T_11.15 ;
    %alloc S_0x5e05f33f0560;
    %load/vec4 v0x5e05f33f2c80_0;
    %load/vec4 v0x5e05f33f39d0_0;
    %load/vec4 v0x5e05f33f3300_0;
    %pad/u 32;
    %store/vec4 v0x5e05f33f0840_0, 0, 32;
    %store/vec4 v0x5e05f33f0a10_0, 0, 32;
    %store/vec4 v0x5e05f33f0af0_0, 0, 128;
    %callf/vec4 TD_tppe.laggy_prefix_inst.count_ones_in_range, S_0x5e05f33f0560;
    %free S_0x5e05f33f0560;
    %ix/getv/s 3, v0x5e05f33f3930_0;
    %ix/load 4, 0, 0; Constant delay
    %assign/vec4/a/d v0x5e05f33f2b00, 0, 4;
    %load/vec4 v0x5e05f33f39d0_0;
    %subi 4294967289, 0, 32;
    %vpi_call/w 6 153 "$display", "Chunk %0d (%0d to %0d): counting up to %0d", v0x5e05f33f3930_0, v0x5e05f33f39d0_0, S<0,vec4,s32>, v0x5e05f33f3300_0 {1 0 0};
T_11.16 ;
T_11.14 ;
    %load/vec4 v0x5e05f33f3930_0;
    %addi 1, 0, 32;
    %store/vec4 v0x5e05f33f3930_0, 0, 32;
    %jmp T_11.11;
T_11.12 ;
    %vpi_call/w 6 157 "$display", "Starting laggy prefix calculation for position %0d", v0x5e05f33f3300_0 {0 0 0};
    %jmp T_11.10;
T_11.9 ;
    %load/vec4 v0x5e05f33f3c30_0;
    %flag_set/vec4 8;
    %jmp/0xz  T_11.17, 8;
    %load/vec4 v0x5e05f33f3e30_0;
    %addi 1, 0, 3;
    %assign/vec4 v0x5e05f33f3e30_0, 0;
    %load/vec4 v0x5e05f33f3e30_0;
    %dup/vec4;
    %pushi/vec4 0, 0, 3;
    %cmp/u;
    %jmp/1 T_11.19, 6;
    %dup/vec4;
    %pushi/vec4 1, 0, 3;
    %cmp/u;
    %jmp/1 T_11.20, 6;
    %dup/vec4;
    %pushi/vec4 2, 0, 3;
    %cmp/u;
    %jmp/1 T_11.21, 6;
    %dup/vec4;
    %pushi/vec4 3, 0, 3;
    %cmp/u;
    %jmp/1 T_11.22, 6;
    %dup/vec4;
    %pushi/vec4 7, 0, 3;
    %cmp/u;
    %jmp/1 T_11.23, 6;
    %vpi_call/w 6 202 "$display", "Laggy prefix waiting: cycle %0d", v0x5e05f33f3e30_0 {0 0 0};
    %jmp T_11.25;
T_11.19 ;
    %pushi/vec4 0, 0, 32;
    %store/vec4 v0x5e05f33f3930_0, 0, 32;
T_11.26 ;
    %load/vec4 v0x5e05f33f3930_0;
    %cmpi/s 8, 0, 32;
    %jmp/0xz T_11.27, 5;
    %load/vec4 v0x5e05f33f3930_0;
    %muli 2, 0, 32;
    %ix/vec4/s 4;
    %load/vec4a v0x5e05f33f2b00, 4;
    %load/vec4 v0x5e05f33f3930_0;
    %muli 2, 0, 32;
    %addi 1, 0, 32;
    %ix/vec4/s 4;
    %load/vec4a v0x5e05f33f2b00, 4;
    %add;
    %ix/getv/s 3, v0x5e05f33f3930_0;
    %ix/load 4, 0, 0; Constant delay
    %assign/vec4/a/d v0x5e05f33f2b00, 0, 4;
    %load/vec4 v0x5e05f33f3930_0;
    %addi 1, 0, 32;
    %store/vec4 v0x5e05f33f3930_0, 0, 32;
    %jmp T_11.26;
T_11.27 ;
    %vpi_call/w 6 169 "$display", "Laggy prefix stage 2 (16->8)" {0 0 0};
    %jmp T_11.25;
T_11.20 ;
    %pushi/vec4 0, 0, 32;
    %store/vec4 v0x5e05f33f3930_0, 0, 32;
T_11.28 ;
    %load/vec4 v0x5e05f33f3930_0;
    %cmpi/s 4, 0, 32;
    %jmp/0xz T_11.29, 5;
    %load/vec4 v0x5e05f33f3930_0;
    %muli 2, 0, 32;
    %ix/vec4/s 4;
    %load/vec4a v0x5e05f33f2b00, 4;
    %load/vec4 v0x5e05f33f3930_0;
    %muli 2, 0, 32;
    %addi 1, 0, 32;
    %ix/vec4/s 4;
    %load/vec4a v0x5e05f33f2b00, 4;
    %add;
    %ix/getv/s 3, v0x5e05f33f3930_0;
    %ix/load 4, 0, 0; Constant delay
    %assign/vec4/a/d v0x5e05f33f2b00, 0, 4;
    %load/vec4 v0x5e05f33f3930_0;
    %addi 1, 0, 32;
    %store/vec4 v0x5e05f33f3930_0, 0, 32;
    %jmp T_11.28;
T_11.29 ;
    %vpi_call/w 6 176 "$display", "Laggy prefix stage 3 (8->4)" {0 0 0};
    %jmp T_11.25;
T_11.21 ;
    %pushi/vec4 0, 0, 32;
    %store/vec4 v0x5e05f33f3930_0, 0, 32;
T_11.30 ;
    %load/vec4 v0x5e05f33f3930_0;
    %cmpi/s 2, 0, 32;
    %jmp/0xz T_11.31, 5;
    %load/vec4 v0x5e05f33f3930_0;
    %muli 2, 0, 32;
    %ix/vec4/s 4;
    %load/vec4a v0x5e05f33f2b00, 4;
    %load/vec4 v0x5e05f33f3930_0;
    %muli 2, 0, 32;
    %addi 1, 0, 32;
    %ix/vec4/s 4;
    %load/vec4a v0x5e05f33f2b00, 4;
    %add;
    %ix/getv/s 3, v0x5e05f33f3930_0;
    %ix/load 4, 0, 0; Constant delay
    %assign/vec4/a/d v0x5e05f33f2b00, 0, 4;
    %load/vec4 v0x5e05f33f3930_0;
    %addi 1, 0, 32;
    %store/vec4 v0x5e05f33f3930_0, 0, 32;
    %jmp T_11.30;
T_11.31 ;
    %vpi_call/w 6 183 "$display", "Laggy prefix stage 4 (4->2)" {0 0 0};
    %jmp T_11.25;
T_11.22 ;
    %ix/load 4, 0, 0;
    %flag_set/imm 4, 0;
    %load/vec4a v0x5e05f33f2b00, 4;
    %ix/load 4, 1, 0;
    %flag_set/imm 4, 0;
    %load/vec4a v0x5e05f33f2b00, 4;
    %add;
    %ix/load 3, 0, 0;
    %flag_set/imm 4, 0;
    %ix/load 4, 0, 0; Constant delay
    %assign/vec4/a/d v0x5e05f33f2b00, 0, 4;
    %vpi_call/w 6 188 "$display", "Laggy prefix stage 5 (2->1)" {0 0 0};
    %jmp T_11.25;
T_11.23 ;
    %ix/load 4, 0, 0;
    %flag_set/imm 4, 0;
    %load/vec4a v0x5e05f33f2b00, 4;
    %assign/vec4 v0x5e05f33f3ef0_0, 0;
    %pushi/vec4 1, 0, 1;
    %assign/vec4 v0x5e05f33f3fe0_0, 0;
    %pushi/vec4 0, 0, 1;
    %assign/vec4 v0x5e05f33f3c30_0, 0;
    %pushi/vec4 1, 0, 1;
    %assign/vec4 v0x5e05f33f3cf0_0, 0;
    %vpi_call/w 6 196 "$display", "Laggy prefix final: offset = %0d for position %0d, weight=%0h", &A<v0x5e05f33f2b00, 0>, v0x5e05f33f2e70_0, v0x5e05f33f2f60_0 {0 0 0};
    %jmp T_11.25;
T_11.25 ;
    %pop/vec4 1;
    %jmp T_11.18;
T_11.17 ;
    %load/vec4 v0x5e05f33f3c30_0;
    %nor/r;
    %flag_set/vec4 8;
    %jmp/0xz  T_11.32, 8;
    %pushi/vec4 1, 0, 1;
    %assign/vec4 v0x5e05f33f3cf0_0, 0;
T_11.32 ;
T_11.18 ;
T_11.10 ;
T_11.5 ;
T_11.1 ;
    %jmp T_11;
    .thread T_11;
    .scope S_0x5e05f3368000;
T_12 ;
    %wait E_0x5e05f33725a0;
    %load/vec4 v0x5e05f33ec1f0_0;
    %flag_set/vec4 8;
    %jmp/0xz  T_12.0, 8;
    %pushi/vec4 0, 0, 12;
    %assign/vec4 v0x5e05f33eba40_0, 0;
    %pushi/vec4 1, 0, 1;
    %assign/vec4 v0x5e05f33ebb20_0, 0;
    %jmp T_12.1;
T_12.0 ;
    %pushi/vec4 1, 0, 1;
    %assign/vec4 v0x5e05f33ebb20_0, 0;
    %load/vec4 v0x5e05f33ada20_0;
    %flag_set/vec4 8;
    %jmp/0xz  T_12.2, 8;
    %load/vec4 v0x5e05f33eba40_0;
    %load/vec4 v0x5e05f33eb960_0;
    %pad/u 12;
    %add;
    %assign/vec4 v0x5e05f33eba40_0, 0;
    %load/vec4 v0x5e05f33eba40_0;
    %load/vec4 v0x5e05f33eb960_0;
    %pad/u 12;
    %add;
    %vpi_call/w 4 67 "$display", "ACC: Accumulating weight %0d, new total=%0d", v0x5e05f33eb960_0, S<0,vec4,u12> {1 0 0};
T_12.2 ;
T_12.1 ;
    %jmp T_12;
    .thread T_12;
    .scope S_0x5e05f3368000;
T_13 ;
    %wait E_0x5e05f33725a0;
    %load/vec4 v0x5e05f33ec1f0_0;
    %flag_set/vec4 8;
    %jmp/0xz  T_13.0, 8;
    %pushi/vec4 0, 0, 3;
    %assign/vec4 v0x5e05f33b1c70_0, 0;
    %pushi/vec4 0, 0, 8;
    %assign/vec4 v0x5e05f33ec610_0, 0;
    %pushi/vec4 0, 0, 7;
    %assign/vec4 v0x5e05f33ec530_0, 0;
    %pushi/vec4 0, 0, 4;
    %assign/vec4 v0x5e05f33ec450_0, 0;
    %pushi/vec4 0, 0, 8;
    %assign/vec4 v0x5e05f33c2de0_0, 0;
    %pushi/vec4 0, 0, 1;
    %assign/vec4 v0x5e05f33eb580_0, 0;
    %pushi/vec4 1, 0, 1;
    %assign/vec4 v0x5e05f33ebbe0_0, 0;
    %pushi/vec4 0, 0, 1;
    %assign/vec4 v0x5e05f33eb7c0_0, 0;
    %pushi/vec4 0, 0, 1;
    %assign/vec4 v0x5e05f33ec130_0, 0;
    %pushi/vec4 0, 0, 10;
    %assign/vec4 v0x5e05f33ebca0_0, 0;
    %pushi/vec4 0, 0, 10;
    %assign/vec4 v0x5e05f33ebe90_0, 0;
    %pushi/vec4 0, 0, 10;
    %assign/vec4 v0x5e05f33ebf70_0, 0;
    %pushi/vec4 0, 0, 10;
    %assign/vec4 v0x5e05f33ec050_0, 0;
    %jmp T_13.1;
T_13.0 ;
    %pushi/vec4 0, 0, 1;
    %assign/vec4 v0x5e05f33eb580_0, 0;
    %pushi/vec4 0, 0, 1;
    %assign/vec4 v0x5e05f33eb7c0_0, 0;
    %pushi/vec4 0, 0, 1;
    %assign/vec4 v0x5e05f33ec130_0, 0;
    %load/vec4 v0x5e05f33b1c70_0;
    %dup/vec4;
    %pushi/vec4 0, 0, 3;
    %cmp/u;
    %jmp/1 T_13.2, 6;
    %dup/vec4;
    %pushi/vec4 1, 0, 3;
    %cmp/u;
    %jmp/1 T_13.3, 6;
    %dup/vec4;
    %pushi/vec4 2, 0, 3;
    %cmp/u;
    %jmp/1 T_13.4, 6;
    %dup/vec4;
    %pushi/vec4 3, 0, 3;
    %cmp/u;
    %jmp/1 T_13.5, 6;
    %dup/vec4;
    %pushi/vec4 4, 0, 3;
    %cmp/u;
    %jmp/1 T_13.6, 6;
    %pushi/vec4 0, 0, 3;
    %assign/vec4 v0x5e05f33b1c70_0, 0;
    %jmp T_13.8;
T_13.2 ;
    %pushi/vec4 1, 0, 1;
    %assign/vec4 v0x5e05f33ebbe0_0, 0;
    %load/vec4 v0x5e05f33ec390_0;
    %flag_set/vec4 9;
    %flag_get/vec4 9;
    %jmp/0 T_13.11, 9;
    %load/vec4 v0x5e05f33eb700_0;
    %nor/r;
    %and;
T_13.11;
    %flag_set/vec4 8;
    %jmp/0xz  T_13.9, 8;
    %pushi/vec4 1, 0, 1;
    %assign/vec4 v0x5e05f33eb7c0_0, 0;
    %pushi/vec4 0, 0, 1;
    %assign/vec4 v0x5e05f33ebbe0_0, 0;
    %pushi/vec4 1, 0, 3;
    %assign/vec4 v0x5e05f33b1c70_0, 0;
    %vpi_call/w 4 106 "$display", "ACC: Requesting from FIFO" {0 0 0};
T_13.9 ;
    %jmp T_13.8;
T_13.3 ;
    %load/vec4 v0x5e05f33eb700_0;
    %nor/r;
    %flag_set/vec4 8;
    %jmp/0xz  T_13.12, 8;
    %load/vec4 v0x5e05f33a3700_0;
    %assign/vec4 v0x5e05f33ec610_0, 0;
    %load/vec4 v0x5e05f33ec2b0_0;
    %assign/vec4 v0x5e05f33ec530_0, 0;
    %load/vec4 v0x5e05f33ec2b0_0;
    %pad/u 8;
    %assign/vec4 v0x5e05f33c2de0_0, 0;
    %pushi/vec4 1, 0, 1;
    %assign/vec4 v0x5e05f33eb580_0, 0;
    %pushi/vec4 2, 0, 3;
    %assign/vec4 v0x5e05f33b1c70_0, 0;
    %vpi_call/w 4 118 "$display", "ACC: FIFO data received, requesting memory at addr %0d", v0x5e05f33ec2b0_0 {0 0 0};
T_13.12 ;
    %jmp T_13.8;
T_13.4 ;
    %load/vec4 v0x5e05f33eb640_0;
    %flag_set/vec4 8;
    %jmp/0xz  T_13.14, 8;
    %load/vec4 v0x5e05f330a330_0;
    %assign/vec4 v0x5e05f33ec450_0, 0;
    %load/vec4 v0x5e05f330a330_0;
    %cmpi/e 15, 0, 4;
    %jmp/0xz  T_13.16, 4;
    %load/vec4 v0x5e05f33eba40_0;
    %parti/s 10, 0, 2;
    %assign/vec4 v0x5e05f33ebca0_0, 0;
    %load/vec4 v0x5e05f33eba40_0;
    %parti/s 10, 0, 2;
    %assign/vec4 v0x5e05f33ebe90_0, 0;
    %load/vec4 v0x5e05f33eba40_0;
    %parti/s 10, 0, 2;
    %assign/vec4 v0x5e05f33ebf70_0, 0;
    %load/vec4 v0x5e05f33eba40_0;
    %parti/s 10, 0, 2;
    %assign/vec4 v0x5e05f33ec050_0, 0;
    %pushi/vec4 4, 0, 3;
    %assign/vec4 v0x5e05f33b1c70_0, 0;
    %vpi_call/w 4 133 "$display", "ACC: All timesteps active, no correction needed" {0 0 0};
    %jmp T_13.17;
T_13.16 ;
    %pushi/vec4 3, 0, 3;
    %assign/vec4 v0x5e05f33b1c70_0, 0;
    %vpi_call/w 4 137 "$display", "ACC: Starting correction for fibre_a=%b", v0x5e05f330a330_0 {0 0 0};
T_13.17 ;
T_13.14 ;
    %jmp T_13.8;
T_13.5 ;
    %load/vec4 v0x5e05f33ec450_0;
    %parti/s 1, 0, 2;
    %flag_set/vec4 8;
    %jmp/0xz  T_13.18, 8;
    %load/vec4 v0x5e05f33eba40_0;
    %parti/s 10, 0, 2;
    %assign/vec4 v0x5e05f33ebca0_0, 0;
    %vpi_call/w 4 146 "$display", "ACC: Timestep 0 active, value=%0d", &PV<v0x5e05f33eba40_0, 0, 10> {0 0 0};
    %jmp T_13.19;
T_13.18 ;
    %load/vec4 v0x5e05f33eba40_0;
    %parti/s 10, 0, 2;
    %load/vec4 v0x5e05f33ec610_0;
    %pad/u 10;
    %sub;
    %assign/vec4 v0x5e05f33ebca0_0, 0;
    %load/vec4 v0x5e05f33eba40_0;
    %parti/s 10, 0, 2;
    %load/vec4 v0x5e05f33ec610_0;
    %pad/u 10;
    %sub;
    %vpi_call/w 4 150 "$display", "ACC: Timestep 0 inactive, corrected value=%0d", S<0,vec4,u10> {1 0 0};
T_13.19 ;
    %load/vec4 v0x5e05f33ec450_0;
    %parti/s 1, 1, 2;
    %flag_set/vec4 8;
    %jmp/0xz  T_13.20, 8;
    %load/vec4 v0x5e05f33eba40_0;
    %parti/s 10, 0, 2;
    %assign/vec4 v0x5e05f33ebe90_0, 0;
    %vpi_call/w 4 156 "$display", "ACC: Timestep 1 active, value=%0d", &PV<v0x5e05f33eba40_0, 0, 10> {0 0 0};
    %jmp T_13.21;
T_13.20 ;
    %load/vec4 v0x5e05f33eba40_0;
    %parti/s 10, 0, 2;
    %load/vec4 v0x5e05f33ec610_0;
    %pad/u 10;
    %sub;
    %assign/vec4 v0x5e05f33ebe90_0, 0;
    %load/vec4 v0x5e05f33eba40_0;
    %parti/s 10, 0, 2;
    %load/vec4 v0x5e05f33ec610_0;
    %pad/u 10;
    %sub;
    %vpi_call/w 4 160 "$display", "ACC: Timestep 1 inactive, corrected value=%0d", S<0,vec4,u10> {1 0 0};
T_13.21 ;
    %load/vec4 v0x5e05f33ec450_0;
    %parti/s 1, 2, 3;
    %flag_set/vec4 8;
    %jmp/0xz  T_13.22, 8;
    %load/vec4 v0x5e05f33eba40_0;
    %parti/s 10, 0, 2;
    %assign/vec4 v0x5e05f33ebf70_0, 0;
    %vpi_call/w 4 166 "$display", "ACC: Timestep 2 active, value=%0d", &PV<v0x5e05f33eba40_0, 0, 10> {0 0 0};
    %jmp T_13.23;
T_13.22 ;
    %load/vec4 v0x5e05f33eba40_0;
    %parti/s 10, 0, 2;
    %load/vec4 v0x5e05f33ec610_0;
    %pad/u 10;
    %sub;
    %assign/vec4 v0x5e05f33ebf70_0, 0;
    %load/vec4 v0x5e05f33eba40_0;
    %parti/s 10, 0, 2;
    %load/vec4 v0x5e05f33ec610_0;
    %pad/u 10;
    %sub;
    %vpi_call/w 4 170 "$display", "ACC: Timestep 2 inactive, corrected value=%0d", S<0,vec4,u10> {1 0 0};
T_13.23 ;
    %load/vec4 v0x5e05f33ec450_0;
    %parti/s 1, 3, 3;
    %flag_set/vec4 8;
    %jmp/0xz  T_13.24, 8;
    %load/vec4 v0x5e05f33eba40_0;
    %parti/s 10, 0, 2;
    %assign/vec4 v0x5e05f33ec050_0, 0;
    %vpi_call/w 4 176 "$display", "ACC: Timestep 3 active, value=%0d", &PV<v0x5e05f33eba40_0, 0, 10> {0 0 0};
    %jmp T_13.25;
T_13.24 ;
    %load/vec4 v0x5e05f33eba40_0;
    %parti/s 10, 0, 2;
    %load/vec4 v0x5e05f33ec610_0;
    %pad/u 10;
    %sub;
    %assign/vec4 v0x5e05f33ec050_0, 0;
    %load/vec4 v0x5e05f33eba40_0;
    %parti/s 10, 0, 2;
    %load/vec4 v0x5e05f33ec610_0;
    %pad/u 10;
    %sub;
    %vpi_call/w 4 180 "$display", "ACC: Timestep 3 inactive, corrected value=%0d", S<0,vec4,u10> {1 0 0};
T_13.25 ;
    %pushi/vec4 4, 0, 3;
    %assign/vec4 v0x5e05f33b1c70_0, 0;
    %vpi_call/w 4 185 "$display", "ACC: Correction complete" {0 0 0};
    %jmp T_13.8;
T_13.6 ;
    %pushi/vec4 1, 0, 1;
    %assign/vec4 v0x5e05f33ec130_0, 0;
    %pushi/vec4 1, 0, 1;
    %assign/vec4 v0x5e05f33ebbe0_0, 0;
    %pushi/vec4 0, 0, 3;
    %assign/vec4 v0x5e05f33b1c70_0, 0;
    %vpi_call/w 4 193 "$display", "ACC: Results ready: %0d, %0d, %0d, %0d", v0x5e05f33ebca0_0, v0x5e05f33ebe90_0, v0x5e05f33ebf70_0, v0x5e05f33ec050_0 {0 0 0};
    %jmp T_13.8;
T_13.8 ;
    %pop/vec4 1;
T_13.1 ;
    %jmp T_13;
    .thread T_13;
# The file index is used to find the file name in the following table.
:file_names 7;
    "N/A";
    "<interactive>";
    "-";
    "TPPE.v";
    "accumulator_correction.v";
    "fast_prefix.v";
    "laggy_prefix.v";
